<?xml version="1.0" encoding="UTF-8"?>
<!-- Generated by org.testng.reporters.JUnitReportReporter -->
<testsuite hostname="LAPTOP-5COFNKBT" failures="0" tests="1" name="com.hrms.as.TC004_EditEmployee" time="31.699" errors="0" timestamp="1 Apr 2024 15:56:37 GMT">
  <testcase classname="com.hrms.as.TC004_EditEmployee" name="edit" time="31.699"/>
</testsuite> <!-- com.hrms.as.TC004_EditEmployee -->
