<?xml version="1.0" encoding="UTF-8"?>
<!-- Generated by org.testng.reporters.JUnitReportReporter -->
<testsuite hostname="LAPTOP-5COFNKBT" failures="0" tests="1" name="com.hrms.as.TC003_DeleteEmployee" time="20.935" errors="0" timestamp="1 Apr 2024 15:56:37 GMT">
  <testcase classname="com.hrms.as.TC003_DeleteEmployee" name="del_Emp" time="20.935"/>
</testsuite> <!-- com.hrms.as.TC003_DeleteEmployee -->
