<?xml version="1.0" encoding="UTF-8"?>
<!-- Generated by org.testng.reporters.JUnitReportReporter -->
<testsuite hostname="LAPTOP-5COFNKBT" failures="0" tests="1" name="com.hrms.as.TC002_AddEmployee" time="17.195" errors="0" timestamp="1 Apr 2024 15:56:37 GMT">
  <testcase classname="com.hrms.as.TC002_AddEmployee" name="AddEmp" time="17.195"/>
</testsuite> <!-- com.hrms.as.TC002_AddEmployee -->
