<?xml version="1.0" encoding="UTF-8"?>
<!-- Generated by org.testng.reporters.JUnitReportReporter -->
<testsuite hostname="LAPTOP-5COFNKBT" failures="0" tests="4" name="com.hrms.as.AutomationWithTestNG" time="59.059" errors="0" timestamp="8 Feb 2024 08:59:05 GMT">
  <testcase classname="com.hrms.as.AutomationWithTestNG" name="delete_EmpApp" time="7.450"/>
  <testcase classname="com.hrms.as.AutomationWithTestNG" name="Login_LogoutApp" time="10.078"/>
  <testcase classname="com.hrms.as.AutomationWithTestNG" name="Add_EmpApp" time="15.744"/>
  <testcase classname="com.hrms.as.AutomationWithTestNG" name="edit_empApp" time="25.787"/>
</testsuite> <!-- com.hrms.as.AutomationWithTestNG -->
