<?xml version="1.0" encoding="UTF-8"?>
<!-- Generated by org.testng.reporters.JUnitReportReporter -->
<testsuite hostname="LAPTOP-5COFNKBT" failures="0" tests="1" name="com.nt.Testscripts.TC001_Login_Logout" time="23.880" errors="0" timestamp="23 Dec 2023 18:12:52 GMT">
  <testcase classname="com.nt.Testscripts.TC001_Login_Logout" name="TC001" time="23.880"/>
</testsuite> <!-- com.nt.Testscripts.TC001_Login_Logout -->
