<?xml version="1.0" encoding="UTF-8"?>
<!-- Generated by org.testng.reporters.JUnitReportReporter -->
<testsuite hostname="LAPTOP-5COFNKBT" failures="0" tests="1" name="com.nt.scripts.SearchEmployee" time="2.714" errors="0" timestamp="6 Aug 2024 11:34:11 GMT">
  <testcase classname="com.nt.scripts.SearchEmployee" name="searchEmployee" time="2.714"/>
</testsuite> <!-- com.nt.scripts.SearchEmployee -->
