<?xml version="1.0" encoding="UTF-8"?>
<!-- Generated by org.testng.reporters.JUnitReportReporter -->
<testsuite hostname="LAPTOP-5COFNKBT" failures="0" tests="1" name="com.hrms.as.TC003_DeleteEmployee" time="8.298" errors="0" timestamp="30 Mar 2024 13:20:37 GMT">
  <testcase classname="com.hrms.as.TC003_DeleteEmployee" name="TC03" time="8.298"/>
</testsuite> <!-- com.hrms.as.TC003_DeleteEmployee -->
