<?xml version="1.0" encoding="UTF-8"?>
<!-- Generated by org.testng.reporters.JUnitReportReporter -->
<testsuite hostname="LAPTOP-5COFNKBT" failures="0" tests="1" name="com.hrms.as.TC001_Login_Logout" time="11.241" errors="0" timestamp="30 Mar 2024 13:20:37 GMT">
  <testcase classname="com.hrms.as.TC001_Login_Logout" name="TC01" time="11.241"/>
</testsuite> <!-- com.hrms.as.TC001_Login_Logout -->
