<?xml version="1.0" encoding="UTF-8"?>
<!-- Generated by org.testng.reporters.JUnitReportReporter -->
<testsuite hostname="LAPTOP-5COFNKBT" failures="0" tests="1" name="com.hrms.as.TC005_AddCompanyLocation" time="13.811" errors="0" timestamp="30 Mar 2024 13:20:37 GMT">
  <testcase classname="com.hrms.as.TC005_AddCompanyLocation" name="TC05" time="13.811"/>
</testsuite> <!-- com.hrms.as.TC005_AddCompanyLocation -->
