<?xml version="1.0" encoding="UTF-8"?>
<!-- Generated by org.testng.reporters.JUnitReportReporter -->
<testsuite hostname="LAPTOP-5COFNKBT" failures="0" tests="1" name="com.hrms.as.TC001_Login_Logout" time="62.432" errors="0" timestamp="29 Mar 2024 11:53:37 GMT">
  <testcase classname="com.hrms.as.TC001_Login_Logout" name="TC01" time="62.432"/>
</testsuite> <!-- com.hrms.as.TC001_Login_Logout -->
