<?xml version="1.0" encoding="UTF-8"?>
<!-- Generated by org.testng.reporters.JUnitReportReporter -->
<testsuite hostname="LAPTOP-5COFNKBT" failures="0" tests="1" name="com.hrms.as.TC002_AddEmployee" time="84.358" errors="0" timestamp="29 Mar 2024 11:53:37 GMT">
  <testcase classname="com.hrms.as.TC002_AddEmployee" name="TC002" time="84.358"/>
</testsuite> <!-- com.hrms.as.TC002_AddEmployee -->
