<?xml version="1.0" encoding="UTF-8"?>
<!-- Generated by org.testng.reporters.JUnitReportReporter -->
<testsuite hostname="LAPTOP-5COFNKBT" failures="0" tests="1" name="com.nt.scripts.AddEmployee" time="7.066" errors="0" timestamp="6 Aug 2024 11:34:11 GMT">
  <testcase classname="com.nt.scripts.AddEmployee" name="addEmp" time="7.066"/>
</testsuite> <!-- com.nt.scripts.AddEmployee -->
