<?xml version="1.0" encoding="UTF-8"?>
<!-- Generated by org.testng.reporters.JUnitReportReporter -->
<testsuite hostname="LAPTOP-5COFNKBT" failures="1" tests="1" name="com.hrms.as.TC004_EditEmployee" time="3.916" errors="0" timestamp="10 Feb 2024 06:42:38 GMT">
  <testcase classname="com.hrms.as.TC004_EditEmployee" name="edit" time="3.916">
    <failure type="java.lang.StackOverflowError">
      <![CDATA[java.lang.StackOverflowError
	at com.hrms.utility.Log.info(Log.java:8)
	at com.hrms.utility.Log.info(Log.java:8)
	at com.hrms.utility.Log.info(Log.java:8)
	at com.hrms.utility.Log.info(Log.java:8)
	at com.hrms.utility.Log.info(Log.java:8)
	at com.hrms.utility.Log.info(Log.java:8)
	at com.hrms.utility.Log.info(Log.java:8)
	at com.hrms.utility.Log.info(Log.java:8)
	at com.hrms.utility.Log.info(Log.java:8)
	at com.hrms.utility.Log.info(Log.java:8)
	at com.hrms.utility.Log.info(Log.java:8)
	at com.hrms.utility.Log.info(Log.java:8)
	at com.hrms.utility.Log.info(Log.java:8)
	at com.hrms.utility.Log.info(Log.java:8)
	at com.hrms.utility.Log.info(Log.java:8)
	at com.hrms.utility.Log.info(Log.java:8)
	at com.hrms.utility.Log.info(Log.java:8)
	at com.hrms.utility.Log.info(Log.java:8)
	at com.hrms.utility.Log.info(Log.java:8)
	at com.hrms.utility.Log.info(Log.java:8)
	at com.hrms.utility.Log.info(Log.java:8)
	at com.hrms.utility.Log.info(Log.java:8)
	at com.hrms.utility.Log.info(Log.java:8)
	at com.hrms.utility.Log.info(Log.java:8)
	at com.hrms.utility.Log.info(Log.java:8)
	at com.hrms.utility.Log.info(Log.java:8)
	at com.hrms.utility.Log.info(Log.java:8)
	at com.hrms.utility.Log.info(Log.java:8)
	at com.hrms.utility.Log.info(Log.java:8)
	at com.hrms.utility.Log.info(Log.java:8)
	at com.hrms.utility.Log.info(Log.java:8)
	at com.hrms.utility.Log.info(Log.java:8)
	at com.hrms.utility.Log.info(Log.java:8)
	at com.hrms.utility.Log.info(Log.java:8)
	at com.hrms.utility.Log.info(Log.java:8)
	at com.hrms.utility.Log.info(Log.java:8)
	at com.hrms.utility.Log.info(Log.java:8)
	at com.hrms.utility.Log.info(Log.java:8)
	at com.hrms.utility.Log.info(Log.java:8)
	at com.hrms.utility.Log.info(Log.java:8)
	at com.hrms.utility.Log.info(Log.java:8)
	at com.hrms.utility.Log.info(Log.java:8)
	at com.hrms.utility.Log.info(Log.java:8)
	at com.hrms.utility.Log.info(Log.java:8)
	at com.hrms.utility.Log.info(Log.java:8)
	at com.hrms.utility.Log.info(Log.java:8)
	at com.hrms.utility.Log.info(Log.java:8)
	at com.hrms.utility.Log.info(Log.java:8)
	at com.hrms.utility.Log.info(Log.java:8)
	at com.hrms.utility.Log.info(Log.java:8)
	at com.hrms.utility.Log.info(Log.java:8)
	at com.hrms.utility.Log.info(Log.java:8)
	at com.hrms.utility.Log.info(Log.java:8)
	at com.hrms.utility.Log.info(Log.java:8)
	at com.hrms.utility.Log.info(Log.java:8)
	at com.hrms.utility.Log.info(Log.java:8)
	at com.hrms.utility.Log.info(Log.java:8)
	at com.hrms.utility.Log.info(Log.java:8)
	at com.hrms.utility.Log.info(Log.java:8)
	at com.hrms.utility.Log.info(Log.java:8)
	at com.hrms.utility.Log.info(Log.java:8)
	at com.hrms.utility.Log.info(Log.java:8)
	at com.hrms.utility.Log.info(Log.java:8)
	at com.hrms.utility.Log.info(Log.java:8)
	at com.hrms.utility.Log.info(Log.java:8)
	at com.hrms.utility.Log.info(Log.java:8)
	at com.hrms.utility.Log.info(Log.java:8)
	at com.hrms.utility.Log.info(Log.java:8)
	at com.hrms.utility.Log.info(Log.java:8)
	at com.hrms.utility.Log.info(Log.java:8)
	at com.hrms.utility.Log.info(Log.java:8)
	at com.hrms.utility.Log.info(Log.java:8)
	at com.hrms.utility.Log.info(Log.java:8)
	at com.hrms.utility.Log.info(Log.java:8)
	at com.hrms.utility.Log.info(Log.java:8)
	at com.hrms.utility.Log.info(Log.java:8)
	at com.hrms.utility.Log.info(Log.java:8)
	at com.hrms.utility.Log.info(Log.java:8)
	at com.hrms.utility.Log.info(Log.java:8)
	at com.hrms.utility.Log.info(Log.java:8)
	at com.hrms.utility.Log.info(Log.java:8)
	at com.hrms.utility.Log.info(Log.java:8)
	at com.hrms.utility.Log.info(Log.java:8)
	at com.hrms.utility.Log.info(Log.java:8)
	at com.hrms.utility.Log.info(Log.java:8)
	at com.hrms.utility.Log.info(Log.java:8)
	at com.hrms.utility.Log.info(Log.java:8)
	at com.hrms.utility.Log.info(Log.java:8)
	at com.hrms.utility.Log.info(Log.java:8)
	at com.hrms.utility.Log.info(Log.java:8)
	at com.hrms.utility.Log.info(Log.java:8)
	at com.hrms.utility.Log.info(Log.java:8)
	at com.hrms.utility.Log.info(Log.java:8)
	at com.hrms.utility.Log.info(Log.java:8)
	at com.hrms.utility.Log.info(Log.java:8)
	at com.hrms.utility.Log.info(Log.java:8)
	at com.hrms.utility.Log.info(Log.java:8)
	at com.hrms.utility.Log.info(Log.java:8)
	at com.hrms.utility.Log.info(Log.java:8)
	at com.hrms.utility.Log.info(Log.java:8)
	at com.hrms.utility.Log.info(Log.java:8)
	at com.hrms.utility.Log.info(Log.java:8)
	at com.hrms.utility.Log.info(Log.java:8)
	at com.hrms.utility.Log.info(Log.java:8)
	at com.hrms.utility.Log.info(Log.java:8)
	at com.hrms.utility.Log.info(Log.java:8)
	at com.hrms.utility.Log.info(Log.java:8)
	at com.hrms.utility.Log.info(Log.java:8)
	at com.hrms.utility.Log.info(Log.java:8)
	at com.hrms.utility.Log.info(Log.java:8)
	at com.hrms.utility.Log.info(Log.java:8)
	at com.hrms.utility.Log.info(Log.java:8)
	at com.hrms.utility.Log.info(Log.java:8)
	at com.hrms.utility.Log.info(Log.java:8)
	at com.hrms.utility.Log.info(Log.java:8)
	at com.hrms.utility.Log.info(Log.java:8)
	at com.hrms.utility.Log.info(Log.java:8)
	at com.hrms.utility.Log.info(Log.java:8)
	at com.hrms.utility.Log.info(Log.java:8)
	at com.hrms.utility.Log.info(Log.java:8)
	at com.hrms.utility.Log.info(Log.java:8)
	at com.hrms.utility.Log.info(Log.java:8)
	at com.hrms.utility.Log.info(Log.java:8)
	at com.hrms.utility.Log.info(Log.java:8)
	at com.hrms.utility.Log.info(Log.java:8)
	at com.hrms.utility.Log.info(Log.java:8)
	at com.hrms.utility.Log.info(Log.java:8)
	at com.hrms.utility.Log.info(Log.java:8)
	at com.hrms.utility.Log.info(Log.java:8)
	at com.hrms.utility.Log.info(Log.java:8)
	at com.hrms.utility.Log.info(Log.java:8)
	at com.hrms.utility.Log.info(Log.java:8)
	at com.hrms.utility.Log.info(Log.java:8)
	at com.hrms.utility.Log.info(Log.java:8)
	at com.hrms.utility.Log.info(Log.java:8)
	at com.hrms.utility.Log.info(Log.java:8)
	at com.hrms.utility.Log.info(Log.java:8)
	at com.hrms.utility.Log.info(Log.java:8)
	at com.hrms.utility.Log.info(Log.java:8)
	at com.hrms.utility.Log.info(Log.java:8)
	at com.hrms.utility.Log.info(Log.java:8)
	at com.hrms.utility.Log.info(Log.java:8)
	at com.hrms.utility.Log.info(Log.java:8)
	at com.hrms.utility.Log.info(Log.java:8)
	at com.hrms.utility.Log.info(Log.java:8)
	at com.hrms.utility.Log.info(Log.java:8)
	at com.hrms.utility.Log.info(Log.java:8)
	at com.hrms.utility.Log.info(Log.java:8)
	at com.hrms.utility.Log.info(Log.java:8)
	at com.hrms.utility.Log.info(Log.java:8)
	at com.hrms.utility.Log.info(Log.java:8)
	at com.hrms.utility.Log.info(Log.java:8)
	at com.hrms.utility.Log.info(Log.java:8)
	at com.hrms.utility.Log.info(Log.java:8)
	at com.hrms.utility.Log.info(Log.java:8)
	at com.hrms.utility.Log.info(Log.java:8)
	at com.hrms.utility.Log.info(Log.java:8)
	at com.hrms.utility.Log.info(Log.java:8)
	at com.hrms.utility.Log.info(Log.java:8)
	at com.hrms.utility.Log.info(Log.java:8)
	at com.hrms.utility.Log.info(Log.java:8)
	at com.hrms.utility.Log.info(Log.java:8)
	at com.hrms.utility.Log.info(Log.java:8)
	at com.hrms.utility.Log.info(Log.java:8)
	at com.hrms.utility.Log.info(Log.java:8)
	at com.hrms.utility.Log.info(Log.java:8)
	at com.hrms.utility.Log.info(Log.java:8)
	at com.hrms.utility.Log.info(Log.java:8)
	at com.hrms.utility.Log.info(Log.java:8)
	at com.hrms.utility.Log.info(Log.java:8)
	at com.hrms.utility.Log.info(Log.java:8)
	at com.hrms.utility.Log.info(Log.java:8)
	at com.hrms.utility.Log.info(Log.java:8)
	at com.hrms.utility.Log.info(Log.java:8)
	at com.hrms.utility.Log.info(Log.java:8)
	at com.hrms.utility.Log.info(Log.java:8)
	at com.hrms.utility.Log.info(Log.java:8)
	at com.hrms.utility.Log.info(Log.java:8)
	at com.hrms.utility.Log.info(Log.java:8)
	at com.hrms.utility.Log.info(Log.java:8)
	at com.hrms.utility.Log.info(Log.java:8)
	at com.hrms.utility.Log.info(Log.java:8)
	at com.hrms.utility.Log.info(Log.java:8)
	at com.hrms.utility.Log.info(Log.java:8)
	at com.hrms.utility.Log.info(Log.java:8)
	at com.hrms.utility.Log.info(Log.java:8)
	at com.hrms.utility.Log.info(Log.java:8)
	at com.hrms.utility.Log.info(Log.java:8)
	at com.hrms.utility.Log.info(Log.java:8)
	at com.hrms.utility.Log.info(Log.java:8)
	at com.hrms.utility.Log.info(Log.java:8)
	at com.hrms.utility.Log.info(Log.java:8)
	at com.hrms.utility.Log.info(Log.java:8)
	at com.hrms.utility.Log.info(Log.java:8)
	at com.hrms.utility.Log.info(Log.java:8)
	at com.hrms.utility.Log.info(Log.java:8)
	at com.hrms.utility.Log.info(Log.java:8)
	at com.hrms.utility.Log.info(Log.java:8)
	at com.hrms.utility.Log.info(Log.java:8)
	at com.hrms.utility.Log.info(Log.java:8)
	at com.hrms.utility.Log.info(Log.java:8)
	at com.hrms.utility.Log.info(Log.java:8)
	at com.hrms.utility.Log.info(Log.java:8)
	at com.hrms.utility.Log.info(Log.java:8)
	at com.hrms.utility.Log.info(Log.java:8)
	at com.hrms.utility.Log.info(Log.java:8)
	at com.hrms.utility.Log.info(Log.java:8)
	at com.hrms.utility.Log.info(Log.java:8)
	at com.hrms.utility.Log.info(Log.java:8)
	at com.hrms.utility.Log.info(Log.java:8)
	at com.hrms.utility.Log.info(Log.java:8)
	at com.hrms.utility.Log.info(Log.java:8)
	at com.hrms.utility.Log.info(Log.java:8)
	at com.hrms.utility.Log.info(Log.java:8)
	at com.hrms.utility.Log.info(Log.java:8)
	at com.hrms.utility.Log.info(Log.java:8)
	at com.hrms.utility.Log.info(Log.java:8)
	at com.hrms.utility.Log.info(Log.java:8)
	at com.hrms.utility.Log.info(Log.java:8)
	at com.hrms.utility.Log.info(Log.java:8)
	at com.hrms.utility.Log.info(Log.java:8)
	at com.hrms.utility.Log.info(Log.java:8)
	at com.hrms.utility.Log.info(Log.java:8)
	at com.hrms.utility.Log.info(Log.java:8)
	at com.hrms.utility.Log.info(Log.java:8)
	at com.hrms.utility.Log.info(Log.java:8)
	at com.hrms.utility.Log.info(Log.java:8)
	at com.hrms.utility.Log.info(Log.java:8)
	at com.hrms.utility.Log.info(Log.java:8)
	at com.hrms.utility.Log.info(Log.java:8)
	at com.hrms.utility.Log.info(Log.java:8)
	at com.hrms.utility.Log.info(Log.java:8)
	at com.hrms.utility.Log.info(Log.java:8)
	at com.hrms.utility.Log.info(Log.java:8)
	at com.hrms.utility.Log.info(Log.java:8)
	at com.hrms.utility.Log.info(Log.java:8)
	at com.hrms.utility.Log.info(Log.java:8)
	at com.hrms.utility.Log.info(Log.java:8)
	at com.hrms.utility.Log.info(Log.java:8)
	at com.hrms.utility.Log.info(Log.java:8)
	at com.hrms.utility.Log.info(Log.java:8)
	at com.hrms.utility.Log.info(Log.java:8)
	at com.hrms.utility.Log.info(Log.java:8)
	at com.hrms.utility.Log.info(Log.java:8)
	at com.hrms.utility.Log.info(Log.java:8)
	at com.hrms.utility.Log.info(Log.java:8)
	at com.hrms.utility.Log.info(Log.java:8)
	at com.hrms.utility.Log.info(Log.java:8)
	at com.hrms.utility.Log.info(Log.java:8)
	at com.hrms.utility.Log.info(Log.java:8)
	at com.hrms.utility.Log.info(Log.java:8)
	at com.hrms.utility.Log.info(Log.java:8)
	at com.hrms.utility.Log.info(Log.java:8)
	at com.hrms.utility.Log.info(Log.java:8)
	at com.hrms.utility.Log.info(Log.java:8)
	at com.hrms.utility.Log.info(Log.java:8)
	at com.hrms.utility.Log.info(Log.java:8)
	at com.hrms.utility.Log.info(Log.java:8)
	at com.hrms.utility.Log.info(Log.java:8)
	at com.hrms.utility.Log.info(Log.java:8)
	at com.hrms.utility.Log.info(Log.java:8)
	at com.hrms.utility.Log.info(Log.java:8)
	at com.hrms.utility.Log.info(Log.java:8)
	at com.hrms.utility.Log.info(Log.java:8)
	at com.hrms.utility.Log.info(Log.java:8)
	at com.hrms.utility.Log.info(Log.java:8)
	at com.hrms.utility.Log.info(Log.java:8)
	at com.hrms.utility.Log.info(Log.java:8)
	at com.hrms.utility.Log.info(Log.java:8)
	at com.hrms.utility.Log.info(Log.java:8)
	at com.hrms.utility.Log.info(Log.java:8)
	at com.hrms.utility.Log.info(Log.java:8)
	at com.hrms.utility.Log.info(Log.java:8)
	at com.hrms.utility.Log.info(Log.java:8)
	at com.hrms.utility.Log.info(Log.java:8)
	at com.hrms.utility.Log.info(Log.java:8)
	at com.hrms.utility.Log.info(Log.java:8)
	at com.hrms.utility.Log.info(Log.java:8)
	at com.hrms.utility.Log.info(Log.java:8)
	at com.hrms.utility.Log.info(Log.java:8)
	at com.hrms.utility.Log.info(Log.java:8)
	at com.hrms.utility.Log.info(Log.java:8)
	at com.hrms.utility.Log.info(Log.java:8)
	at com.hrms.utility.Log.info(Log.java:8)
	at com.hrms.utility.Log.info(Log.java:8)
	at com.hrms.utility.Log.info(Log.java:8)
	at com.hrms.utility.Log.info(Log.java:8)
	at com.hrms.utility.Log.info(Log.java:8)
	at com.hrms.utility.Log.info(Log.java:8)
	at com.hrms.utility.Log.info(Log.java:8)
	at com.hrms.utility.Log.info(Log.java:8)
	at com.hrms.utility.Log.info(Log.java:8)
	at com.hrms.utility.Log.info(Log.java:8)
	at com.hrms.utility.Log.info(Log.java:8)
	at com.hrms.utility.Log.info(Log.java:8)
	at com.hrms.utility.Log.info(Log.java:8)
	at com.hrms.utility.Log.info(Log.java:8)
	at com.hrms.utility.Log.info(Log.java:8)
	at com.hrms.utility.Log.info(Log.java:8)
	at com.hrms.utility.Log.info(Log.java:8)
	at com.hrms.utility.Log.info(Log.java:8)
	at com.hrms.utility.Log.info(Log.java:8)
	at com.hrms.utility.Log.info(Log.java:8)
	at com.hrms.utility.Log.info(Log.java:8)
	at com.hrms.utility.Log.info(Log.java:8)
	at com.hrms.utility.Log.info(Log.java:8)
	at com.hrms.utility.Log.info(Log.java:8)
	at com.hrms.utility.Log.info(Log.java:8)
	at com.hrms.utility.Log.info(Log.java:8)
	at com.hrms.utility.Log.info(Log.java:8)
	at com.hrms.utility.Log.info(Log.java:8)
	at com.hrms.utility.Log.info(Log.java:8)
	at com.hrms.utility.Log.info(Log.java:8)
	at com.hrms.utility.Log.info(Log.java:8)
	at com.hrms.utility.Log.info(Log.java:8)
	at com.hrms.utility.Log.info(Log.java:8)
	at com.hrms.utility.Log.info(Log.java:8)
	at com.hrms.utility.Log.info(Log.java:8)
	at com.hrms.utility.Log.info(Log.java:8)
	at com.hrms.utility.Log.info(Log.java:8)
	at com.hrms.utility.Log.info(Log.java:8)
	at com.hrms.utility.Log.info(Log.java:8)
	at com.hrms.utility.Log.info(Log.java:8)
	at com.hrms.utility.Log.info(Log.java:8)
	at com.hrms.utility.Log.info(Log.java:8)
	at com.hrms.utility.Log.info(Log.java:8)
	at com.hrms.utility.Log.info(Log.java:8)
	at com.hrms.utility.Log.info(Log.java:8)
	at com.hrms.utility.Log.info(Log.java:8)
	at com.hrms.utility.Log.info(Log.java:8)
	at com.hrms.utility.Log.info(Log.java:8)
	at com.hrms.utility.Log.info(Log.java:8)
	at com.hrms.utility.Log.info(Log.java:8)
	at com.hrms.utility.Log.info(Log.java:8)
	at com.hrms.utility.Log.info(Log.java:8)
	at com.hrms.utility.Log.info(Log.java:8)
	at com.hrms.utility.Log.info(Log.java:8)
	at com.hrms.utility.Log.info(Log.java:8)
	at com.hrms.utility.Log.info(Log.java:8)
	at com.hrms.utility.Log.info(Log.java:8)
	at com.hrms.utility.Log.info(Log.java:8)
	at com.hrms.utility.Log.info(Log.java:8)
	at com.hrms.utility.Log.info(Log.java:8)
	at com.hrms.utility.Log.info(Log.java:8)
	at com.hrms.utility.Log.info(Log.java:8)
	at com.hrms.utility.Log.info(Log.java:8)
	at com.hrms.utility.Log.info(Log.java:8)
	at com.hrms.utility.Log.info(Log.java:8)
	at com.hrms.utility.Log.info(Log.java:8)
	at com.hrms.utility.Log.info(Log.java:8)
	at com.hrms.utility.Log.info(Log.java:8)
	at com.hrms.utility.Log.info(Log.java:8)
	at com.hrms.utility.Log.info(Log.java:8)
	at com.hrms.utility.Log.info(Log.java:8)
	at com.hrms.utility.Log.info(Log.java:8)
	at com.hrms.utility.Log.info(Log.java:8)
	at com.hrms.utility.Log.info(Log.java:8)
	at com.hrms.utility.Log.info(Log.java:8)
	at com.hrms.utility.Log.info(Log.java:8)
	at com.hrms.utility.Log.info(Log.java:8)
	at com.hrms.utility.Log.info(Log.java:8)
	at com.hrms.utility.Log.info(Log.java:8)
	at com.hrms.utility.Log.info(Log.java:8)
	at com.hrms.utility.Log.info(Log.java:8)
	at com.hrms.utility.Log.info(Log.java:8)
	at com.hrms.utility.Log.info(Log.java:8)
	at com.hrms.utility.Log.info(Log.java:8)
	at com.hrms.utility.Log.info(Log.java:8)
	at com.hrms.utility.Log.info(Log.java:8)
	at com.hrms.utility.Log.info(Log.java:8)
	at com.hrms.utility.Log.info(Log.java:8)
	at com.hrms.utility.Log.info(Log.java:8)
	at com.hrms.utility.Log.info(Log.java:8)
	at com.hrms.utility.Log.info(Log.java:8)
	at com.hrms.utility.Log.info(Log.java:8)
	at com.hrms.utility.Log.info(Log.java:8)
	at com.hrms.utility.Log.info(Log.java:8)
	at com.hrms.utility.Log.info(Log.java:8)
	at com.hrms.utility.Log.info(Log.java:8)
	at com.hrms.utility.Log.info(Log.java:8)
	at com.hrms.utility.Log.info(Log.java:8)
	at com.hrms.utility.Log.info(Log.java:8)
	at com.hrms.utility.Log.info(Log.java:8)
	at com.hrms.utility.Log.info(Log.java:8)
	at com.hrms.utility.Log.info(Log.java:8)
	at com.hrms.utility.Log.info(Log.java:8)
	at com.hrms.utility.Log.info(Log.java:8)
	at com.hrms.utility.Log.info(Log.java:8)
	at com.hrms.utility.Log.info(Log.java:8)
	at com.hrms.utility.Log.info(Log.java:8)
	at com.hrms.utility.Log.info(Log.java:8)
	at com.hrms.utility.Log.info(Log.java:8)
	at com.hrms.utility.Log.info(Log.java:8)
	at com.hrms.utility.Log.info(Log.java:8)
	at com.hrms.utility.Log.info(Log.java:8)
	at com.hrms.utility.Log.info(Log.java:8)
	at com.hrms.utility.Log.info(Log.java:8)
	at com.hrms.utility.Log.info(Log.java:8)
	at com.hrms.utility.Log.info(Log.java:8)
	at com.hrms.utility.Log.info(Log.java:8)
	at com.hrms.utility.Log.info(Log.java:8)
	at com.hrms.utility.Log.info(Log.java:8)
	at com.hrms.utility.Log.info(Log.java:8)
	at com.hrms.utility.Log.info(Log.java:8)
	at com.hrms.utility.Log.info(Log.java:8)
	at com.hrms.utility.Log.info(Log.java:8)
	at com.hrms.utility.Log.info(Log.java:8)
	at com.hrms.utility.Log.info(Log.java:8)
	at com.hrms.utility.Log.info(Log.java:8)
	at com.hrms.utility.Log.info(Log.java:8)
	at com.hrms.utility.Log.info(Log.java:8)
	at com.hrms.utility.Log.info(Log.java:8)
	at com.hrms.utility.Log.info(Log.java:8)
	at com.hrms.utility.Log.info(Log.java:8)
	at com.hrms.utility.Log.info(Log.java:8)
	at com.hrms.utility.Log.info(Log.java:8)
	at com.hrms.utility.Log.info(Log.java:8)
	at com.hrms.utility.Log.info(Log.java:8)
	at com.hrms.utility.Log.info(Log.java:8)
	at com.hrms.utility.Log.info(Log.java:8)
	at com.hrms.utility.Log.info(Log.java:8)
	at com.hrms.utility.Log.info(Log.java:8)
	at com.hrms.utility.Log.info(Log.java:8)
	at com.hrms.utility.Log.info(Log.java:8)
	at com.hrms.utility.Log.info(Log.java:8)
	at com.hrms.utility.Log.info(Log.java:8)
	at com.hrms.utility.Log.info(Log.java:8)
	at com.hrms.utility.Log.info(Log.java:8)
	at com.hrms.utility.Log.info(Log.java:8)
	at com.hrms.utility.Log.info(Log.java:8)
	at com.hrms.utility.Log.info(Log.java:8)
	at com.hrms.utility.Log.info(Log.java:8)
	at com.hrms.utility.Log.info(Log.java:8)
	at com.hrms.utility.Log.info(Log.java:8)
	at com.hrms.utility.Log.info(Log.java:8)
	at com.hrms.utility.Log.info(Log.java:8)
	at com.hrms.utility.Log.info(Log.java:8)
	at com.hrms.utility.Log.info(Log.java:8)
	at com.hrms.utility.Log.info(Log.java:8)
	at com.hrms.utility.Log.info(Log.java:8)
	at com.hrms.utility.Log.info(Log.java:8)
	at com.hrms.utility.Log.info(Log.java:8)
	at com.hrms.utility.Log.info(Log.java:8)
	at com.hrms.utility.Log.info(Log.java:8)
	at com.hrms.utility.Log.info(Log.java:8)
	at com.hrms.utility.Log.info(Log.java:8)
	at com.hrms.utility.Log.info(Log.java:8)
	at com.hrms.utility.Log.info(Log.java:8)
	at com.hrms.utility.Log.info(Log.java:8)
	at com.hrms.utility.Log.info(Log.java:8)
	at com.hrms.utility.Log.info(Log.java:8)
	at com.hrms.utility.Log.info(Log.java:8)
	at com.hrms.utility.Log.info(Log.java:8)
	at com.hrms.utility.Log.info(Log.java:8)
	at com.hrms.utility.Log.info(Log.java:8)
	at com.hrms.utility.Log.info(Log.java:8)
	at com.hrms.utility.Log.info(Log.java:8)
	at com.hrms.utility.Log.info(Log.java:8)
	at com.hrms.utility.Log.info(Log.java:8)
	at com.hrms.utility.Log.info(Log.java:8)
	at com.hrms.utility.Log.info(Log.java:8)
	at com.hrms.utility.Log.info(Log.java:8)
	at com.hrms.utility.Log.info(Log.java:8)
	at com.hrms.utility.Log.info(Log.java:8)
	at com.hrms.utility.Log.info(Log.java:8)
	at com.hrms.utility.Log.info(Log.java:8)
	at com.hrms.utility.Log.info(Log.java:8)
	at com.hrms.utility.Log.info(Log.java:8)
	at com.hrms.utility.Log.info(Log.java:8)
	at com.hrms.utility.Log.info(Log.java:8)
	at com.hrms.utility.Log.info(Log.java:8)
	at com.hrms.utility.Log.info(Log.java:8)
	at com.hrms.utility.Log.info(Log.java:8)
	at com.hrms.utility.Log.info(Log.java:8)
	at com.hrms.utility.Log.info(Log.java:8)
	at com.hrms.utility.Log.info(Log.java:8)
	at com.hrms.utility.Log.info(Log.java:8)
	at com.hrms.utility.Log.info(Log.java:8)
	at com.hrms.utility.Log.info(Log.java:8)
	at com.hrms.utility.Log.info(Log.java:8)
	at com.hrms.utility.Log.info(Log.java:8)
	at com.hrms.utility.Log.info(Log.java:8)
	at com.hrms.utility.Log.info(Log.java:8)
	at com.hrms.utility.Log.info(Log.java:8)
	at com.hrms.utility.Log.info(Log.java:8)
	at com.hrms.utility.Log.info(Log.java:8)
	at com.hrms.utility.Log.info(Log.java:8)
	at com.hrms.utility.Log.info(Log.java:8)
	at com.hrms.utility.Log.info(Log.java:8)
	at com.hrms.utility.Log.info(Log.java:8)
	at com.hrms.utility.Log.info(Log.java:8)
	at com.hrms.utility.Log.info(Log.java:8)
	at com.hrms.utility.Log.info(Log.java:8)
	at com.hrms.utility.Log.info(Log.java:8)
	at com.hrms.utility.Log.info(Log.java:8)
	at com.hrms.utility.Log.info(Log.java:8)
	at com.hrms.utility.Log.info(Log.java:8)
	at com.hrms.utility.Log.info(Log.java:8)
	at com.hrms.utility.Log.info(Log.java:8)
	at com.hrms.utility.Log.info(Log.java:8)
	at com.hrms.utility.Log.info(Log.java:8)
	at com.hrms.utility.Log.info(Log.java:8)
	at com.hrms.utility.Log.info(Log.java:8)
	at com.hrms.utility.Log.info(Log.java:8)
	at com.hrms.utility.Log.info(Log.java:8)
	at com.hrms.utility.Log.info(Log.java:8)
	at com.hrms.utility.Log.info(Log.java:8)
	at com.hrms.utility.Log.info(Log.java:8)
	at com.hrms.utility.Log.info(Log.java:8)
	at com.hrms.utility.Log.info(Log.java:8)
	at com.hrms.utility.Log.info(Log.java:8)
	at com.hrms.utility.Log.info(Log.java:8)
	at com.hrms.utility.Log.info(Log.java:8)
	at com.hrms.utility.Log.info(Log.java:8)
	at com.hrms.utility.Log.info(Log.java:8)
	at com.hrms.utility.Log.info(Log.java:8)
	at com.hrms.utility.Log.info(Log.java:8)
	at com.hrms.utility.Log.info(Log.java:8)
	at com.hrms.utility.Log.info(Log.java:8)
	at com.hrms.utility.Log.info(Log.java:8)
	at com.hrms.utility.Log.info(Log.java:8)
	at com.hrms.utility.Log.info(Log.java:8)
	at com.hrms.utility.Log.info(Log.java:8)
	at com.hrms.utility.Log.info(Log.java:8)
	at com.hrms.utility.Log.info(Log.java:8)
	at com.hrms.utility.Log.info(Log.java:8)
	at com.hrms.utility.Log.info(Log.java:8)
	at com.hrms.utility.Log.info(Log.java:8)
	at com.hrms.utility.Log.info(Log.java:8)
	at com.hrms.utility.Log.info(Log.java:8)
	at com.hrms.utility.Log.info(Log.java:8)
	at com.hrms.utility.Log.info(Log.java:8)
	at com.hrms.utility.Log.info(Log.java:8)
	at com.hrms.utility.Log.info(Log.java:8)
	at com.hrms.utility.Log.info(Log.java:8)
	at com.hrms.utility.Log.info(Log.java:8)
	at com.hrms.utility.Log.info(Log.java:8)
	at com.hrms.utility.Log.info(Log.java:8)
	at com.hrms.utility.Log.info(Log.java:8)
	at com.hrms.utility.Log.info(Log.java:8)
	at com.hrms.utility.Log.info(Log.java:8)
	at com.hrms.utility.Log.info(Log.java:8)
	at com.hrms.utility.Log.info(Log.java:8)
	at com.hrms.utility.Log.info(Log.java:8)
	at com.hrms.utility.Log.info(Log.java:8)
	at com.hrms.utility.Log.info(Log.java:8)
	at com.hrms.utility.Log.info(Log.java:8)
	at com.hrms.utility.Log.info(Log.java:8)
	at com.hrms.utility.Log.info(Log.java:8)
	at com.hrms.utility.Log.info(Log.java:8)
	at com.hrms.utility.Log.info(Log.java:8)
	at com.hrms.utility.Log.info(Log.java:8)
	at com.hrms.utility.Log.info(Log.java:8)
	at com.hrms.utility.Log.info(Log.java:8)
	at com.hrms.utility.Log.info(Log.java:8)
	at com.hrms.utility.Log.info(Log.java:8)
	at com.hrms.utility.Log.info(Log.java:8)
	at com.hrms.utility.Log.info(Log.java:8)
	at com.hrms.utility.Log.info(Log.java:8)
	at com.hrms.utility.Log.info(Log.java:8)
	at com.hrms.utility.Log.info(Log.java:8)
	at com.hrms.utility.Log.info(Log.java:8)
	at com.hrms.utility.Log.info(Log.java:8)
	at com.hrms.utility.Log.info(Log.java:8)
	at com.hrms.utility.Log.info(Log.java:8)
	at com.hrms.utility.Log.info(Log.java:8)
	at com.hrms.utility.Log.info(Log.java:8)
	at com.hrms.utility.Log.info(Log.java:8)
	at com.hrms.utility.Log.info(Log.java:8)
	at com.hrms.utility.Log.info(Log.java:8)
	at com.hrms.utility.Log.info(Log.java:8)
	at com.hrms.utility.Log.info(Log.java:8)
	at com.hrms.utility.Log.info(Log.java:8)
	at com.hrms.utility.Log.info(Log.java:8)
	at com.hrms.utility.Log.info(Log.java:8)
	at com.hrms.utility.Log.info(Log.java:8)
	at com.hrms.utility.Log.info(Log.java:8)
	at com.hrms.utility.Log.info(Log.java:8)
	at com.hrms.utility.Log.info(Log.java:8)
	at com.hrms.utility.Log.info(Log.java:8)
	at com.hrms.utility.Log.info(Log.java:8)
	at com.hrms.utility.Log.info(Log.java:8)
	at com.hrms.utility.Log.info(Log.java:8)
	at com.hrms.utility.Log.info(Log.java:8)
	at com.hrms.utility.Log.info(Log.java:8)
	at com.hrms.utility.Log.info(Log.java:8)
	at com.hrms.utility.Log.info(Log.java:8)
	at com.hrms.utility.Log.info(Log.java:8)
	at com.hrms.utility.Log.info(Log.java:8)
	at com.hrms.utility.Log.info(Log.java:8)
	at com.hrms.utility.Log.info(Log.java:8)
	at com.hrms.utility.Log.info(Log.java:8)
	at com.hrms.utility.Log.info(Log.java:8)
	at com.hrms.utility.Log.info(Log.java:8)
	at com.hrms.utility.Log.info(Log.java:8)
	at com.hrms.utility.Log.info(Log.java:8)
	at com.hrms.utility.Log.info(Log.java:8)
	at com.hrms.utility.Log.info(Log.java:8)
	at com.hrms.utility.Log.info(Log.java:8)
	at com.hrms.utility.Log.info(Log.java:8)
	at com.hrms.utility.Log.info(Log.java:8)
	at com.hrms.utility.Log.info(Log.java:8)
	at com.hrms.utility.Log.info(Log.java:8)
	at com.hrms.utility.Log.info(Log.java:8)
	at com.hrms.utility.Log.info(Log.java:8)
	at com.hrms.utility.Log.info(Log.java:8)
	at com.hrms.utility.Log.info(Log.java:8)
	at com.hrms.utility.Log.info(Log.java:8)
	at com.hrms.utility.Log.info(Log.java:8)
	at com.hrms.utility.Log.info(Log.java:8)
	at com.hrms.utility.Log.info(Log.java:8)
	at com.hrms.utility.Log.info(Log.java:8)
	at com.hrms.utility.Log.info(Log.java:8)
	at com.hrms.utility.Log.info(Log.java:8)
	at com.hrms.utility.Log.info(Log.java:8)
	at com.hrms.utility.Log.info(Log.java:8)
	at com.hrms.utility.Log.info(Log.java:8)
	at com.hrms.utility.Log.info(Log.java:8)
	at com.hrms.utility.Log.info(Log.java:8)
	at com.hrms.utility.Log.info(Log.java:8)
	at com.hrms.utility.Log.info(Log.java:8)
	at com.hrms.utility.Log.info(Log.java:8)
	at com.hrms.utility.Log.info(Log.java:8)
	at com.hrms.utility.Log.info(Log.java:8)
	at com.hrms.utility.Log.info(Log.java:8)
	at com.hrms.utility.Log.info(Log.java:8)
	at com.hrms.utility.Log.info(Log.java:8)
	at com.hrms.utility.Log.info(Log.java:8)
	at com.hrms.utility.Log.info(Log.java:8)
	at com.hrms.utility.Log.info(Log.java:8)
	at com.hrms.utility.Log.info(Log.java:8)
	at com.hrms.utility.Log.info(Log.java:8)
	at com.hrms.utility.Log.info(Log.java:8)
	at com.hrms.utility.Log.info(Log.java:8)
	at com.hrms.utility.Log.info(Log.java:8)
	at com.hrms.utility.Log.info(Log.java:8)
	at com.hrms.utility.Log.info(Log.java:8)
	at com.hrms.utility.Log.info(Log.java:8)
	at com.hrms.utility.Log.info(Log.java:8)
	at com.hrms.utility.Log.info(Log.java:8)
	at com.hrms.utility.Log.info(Log.java:8)
	at com.hrms.utility.Log.info(Log.java:8)
	at com.hrms.utility.Log.info(Log.java:8)
	at com.hrms.utility.Log.info(Log.java:8)
	at com.hrms.utility.Log.info(Log.java:8)
	at com.hrms.utility.Log.info(Log.java:8)
	at com.hrms.utility.Log.info(Log.java:8)
	at com.hrms.utility.Log.info(Log.java:8)
	at com.hrms.utility.Log.info(Log.java:8)
	at com.hrms.utility.Log.info(Log.java:8)
	at com.hrms.utility.Log.info(Log.java:8)
	at com.hrms.utility.Log.info(Log.java:8)
	at com.hrms.utility.Log.info(Log.java:8)
	at com.hrms.utility.Log.info(Log.java:8)
	at com.hrms.utility.Log.info(Log.java:8)
	at com.hrms.utility.Log.info(Log.java:8)
	at com.hrms.utility.Log.info(Log.java:8)
	at com.hrms.utility.Log.info(Log.java:8)
	at com.hrms.utility.Log.info(Log.java:8)
	at com.hrms.utility.Log.info(Log.java:8)
	at com.hrms.utility.Log.info(Log.java:8)
	at com.hrms.utility.Log.info(Log.java:8)
	at com.hrms.utility.Log.info(Log.java:8)
	at com.hrms.utility.Log.info(Log.java:8)
	at com.hrms.utility.Log.info(Log.java:8)
	at com.hrms.utility.Log.info(Log.java:8)
	at com.hrms.utility.Log.info(Log.java:8)
	at com.hrms.utility.Log.info(Log.java:8)
	at com.hrms.utility.Log.info(Log.java:8)
	at com.hrms.utility.Log.info(Log.java:8)
	at com.hrms.utility.Log.info(Log.java:8)
	at com.hrms.utility.Log.info(Log.java:8)
	at com.hrms.utility.Log.info(Log.java:8)
	at com.hrms.utility.Log.info(Log.java:8)
	at com.hrms.utility.Log.info(Log.java:8)
	at com.hrms.utility.Log.info(Log.java:8)
	at com.hrms.utility.Log.info(Log.java:8)
	at com.hrms.utility.Log.info(Log.java:8)
	at com.hrms.utility.Log.info(Log.java:8)
	at com.hrms.utility.Log.info(Log.java:8)
	at com.hrms.utility.Log.info(Log.java:8)
	at com.hrms.utility.Log.info(Log.java:8)
	at com.hrms.utility.Log.info(Log.java:8)
	at com.hrms.utility.Log.info(Log.java:8)
	at com.hrms.utility.Log.info(Log.java:8)
	at com.hrms.utility.Log.info(Log.java:8)
	at com.hrms.utility.Log.info(Log.java:8)
	at com.hrms.utility.Log.info(Log.java:8)
	at com.hrms.utility.Log.info(Log.java:8)
	at com.hrms.utility.Log.info(Log.java:8)
	at com.hrms.utility.Log.info(Log.java:8)
	at com.hrms.utility.Log.info(Log.java:8)
	at com.hrms.utility.Log.info(Log.java:8)
	at com.hrms.utility.Log.info(Log.java:8)
	at com.hrms.utility.Log.info(Log.java:8)
	at com.hrms.utility.Log.info(Log.java:8)
	at com.hrms.utility.Log.info(Log.java:8)
	at com.hrms.utility.Log.info(Log.java:8)
	at com.hrms.utility.Log.info(Log.java:8)
	at com.hrms.utility.Log.info(Log.java:8)
	at com.hrms.utility.Log.info(Log.java:8)
	at com.hrms.utility.Log.info(Log.java:8)
	at com.hrms.utility.Log.info(Log.java:8)
	at com.hrms.utility.Log.info(Log.java:8)
	at com.hrms.utility.Log.info(Log.java:8)
	at com.hrms.utility.Log.info(Log.java:8)
	at com.hrms.utility.Log.info(Log.java:8)
	at com.hrms.utility.Log.info(Log.java:8)
	at com.hrms.utility.Log.info(Log.java:8)
	at com.hrms.utility.Log.info(Log.java:8)
	at com.hrms.utility.Log.info(Log.java:8)
	at com.hrms.utility.Log.info(Log.java:8)
	at com.hrms.utility.Log.info(Log.java:8)
	at com.hrms.utility.Log.info(Log.java:8)
	at com.hrms.utility.Log.info(Log.java:8)
	at com.hrms.utility.Log.info(Log.java:8)
	at com.hrms.utility.Log.info(Log.java:8)
	at com.hrms.utility.Log.info(Log.java:8)
	at com.hrms.utility.Log.info(Log.java:8)
	at com.hrms.utility.Log.info(Log.java:8)
	at com.hrms.utility.Log.info(Log.java:8)
	at com.hrms.utility.Log.info(Log.java:8)
	at com.hrms.utility.Log.info(Log.java:8)
	at com.hrms.utility.Log.info(Log.java:8)
	at com.hrms.utility.Log.info(Log.java:8)
	at com.hrms.utility.Log.info(Log.java:8)
	at com.hrms.utility.Log.info(Log.java:8)
	at com.hrms.utility.Log.info(Log.java:8)
	at com.hrms.utility.Log.info(Log.java:8)
	at com.hrms.utility.Log.info(Log.java:8)
	at com.hrms.utility.Log.info(Log.java:8)
	at com.hrms.utility.Log.info(Log.java:8)
	at com.hrms.utility.Log.info(Log.java:8)
	at com.hrms.utility.Log.info(Log.java:8)
	at com.hrms.utility.Log.info(Log.java:8)
	at com.hrms.utility.Log.info(Log.java:8)
	at com.hrms.utility.Log.info(Log.java:8)
	at com.hrms.utility.Log.info(Log.java:8)
	at com.hrms.utility.Log.info(Log.java:8)
	at com.hrms.utility.Log.info(Log.java:8)
	at com.hrms.utility.Log.info(Log.java:8)
	at com.hrms.utility.Log.info(Log.java:8)
	at com.hrms.utility.Log.info(Log.java:8)
	at com.hrms.utility.Log.info(Log.java:8)
	at com.hrms.utility.Log.info(Log.java:8)
	at com.hrms.utility.Log.info(Log.java:8)
	at com.hrms.utility.Log.info(Log.java:8)
	at com.hrms.utility.Log.info(Log.java:8)
	at com.hrms.utility.Log.info(Log.java:8)
	at com.hrms.utility.Log.info(Log.java:8)
	at com.hrms.utility.Log.info(Log.java:8)
	at com.hrms.utility.Log.info(Log.java:8)
	at com.hrms.utility.Log.info(Log.java:8)
	at com.hrms.utility.Log.info(Log.java:8)
	at com.hrms.utility.Log.info(Log.java:8)
	at com.hrms.utility.Log.info(Log.java:8)
	at com.hrms.utility.Log.info(Log.java:8)
	at com.hrms.utility.Log.info(Log.java:8)
	at com.hrms.utility.Log.info(Log.java:8)
	at com.hrms.utility.Log.info(Log.java:8)
	at com.hrms.utility.Log.info(Log.java:8)
	at com.hrms.utility.Log.info(Log.java:8)
	at com.hrms.utility.Log.info(Log.java:8)
	at com.hrms.utility.Log.info(Log.java:8)
	at com.hrms.utility.Log.info(Log.java:8)
	at com.hrms.utility.Log.info(Log.java:8)
	at com.hrms.utility.Log.info(Log.java:8)
	at com.hrms.utility.Log.info(Log.java:8)
	at com.hrms.utility.Log.info(Log.java:8)
	at com.hrms.utility.Log.info(Log.java:8)
	at com.hrms.utility.Log.info(Log.java:8)
	at com.hrms.utility.Log.info(Log.java:8)
	at com.hrms.utility.Log.info(Log.java:8)
	at com.hrms.utility.Log.info(Log.java:8)
	at com.hrms.utility.Log.info(Log.java:8)
	at com.hrms.utility.Log.info(Log.java:8)
	at com.hrms.utility.Log.info(Log.java:8)
	at com.hrms.utility.Log.info(Log.java:8)
	at com.hrms.utility.Log.info(Log.java:8)
	at com.hrms.utility.Log.info(Log.java:8)
	at com.hrms.utility.Log.info(Log.java:8)
	at com.hrms.utility.Log.info(Log.java:8)
	at com.hrms.utility.Log.info(Log.java:8)
	at com.hrms.utility.Log.info(Log.java:8)
	at com.hrms.utility.Log.info(Log.java:8)
	at com.hrms.utility.Log.info(Log.java:8)
	at com.hrms.utility.Log.info(Log.java:8)
	at com.hrms.utility.Log.info(Log.java:8)
	at com.hrms.utility.Log.info(Log.java:8)
	at com.hrms.utility.Log.info(Log.java:8)
	at com.hrms.utility.Log.info(Log.java:8)
	at com.hrms.utility.Log.info(Log.java:8)
	at com.hrms.utility.Log.info(Log.java:8)
	at com.hrms.utility.Log.info(Log.java:8)
	at com.hrms.utility.Log.info(Log.java:8)
	at com.hrms.utility.Log.info(Log.java:8)
	at com.hrms.utility.Log.info(Log.java:8)
	at com.hrms.utility.Log.info(Log.java:8)
	at com.hrms.utility.Log.info(Log.java:8)
	at com.hrms.utility.Log.info(Log.java:8)
	at com.hrms.utility.Log.info(Log.java:8)
	at com.hrms.utility.Log.info(Log.java:8)
	at com.hrms.utility.Log.info(Log.java:8)
	at com.hrms.utility.Log.info(Log.java:8)
	at com.hrms.utility.Log.info(Log.java:8)
	at com.hrms.utility.Log.info(Log.java:8)
	at com.hrms.utility.Log.info(Log.java:8)
	at com.hrms.utility.Log.info(Log.java:8)
	at com.hrms.utility.Log.info(Log.java:8)
	at com.hrms.utility.Log.info(Log.java:8)
	at com.hrms.utility.Log.info(Log.java:8)
	at com.hrms.utility.Log.info(Log.java:8)
	at com.hrms.utility.Log.info(Log.java:8)
	at com.hrms.utility.Log.info(Log.java:8)
	at com.hrms.utility.Log.info(Log.java:8)
	at com.hrms.utility.Log.info(Log.java:8)
	at com.hrms.utility.Log.info(Log.java:8)
	at com.hrms.utility.Log.info(Log.java:8)
	at com.hrms.utility.Log.info(Log.java:8)
	at com.hrms.utility.Log.info(Log.java:8)
	at com.hrms.utility.Log.info(Log.java:8)
	at com.hrms.utility.Log.info(Log.java:8)
	at com.hrms.utility.Log.info(Log.java:8)
	at com.hrms.utility.Log.info(Log.java:8)
	at com.hrms.utility.Log.info(Log.java:8)
	at com.hrms.utility.Log.info(Log.java:8)
	at com.hrms.utility.Log.info(Log.java:8)
	at com.hrms.utility.Log.info(Log.java:8)
	at com.hrms.utility.Log.info(Log.java:8)
	at com.hrms.utility.Log.info(Log.java:8)
	at com.hrms.utility.Log.info(Log.java:8)
	at com.hrms.utility.Log.info(Log.java:8)
	at com.hrms.utility.Log.info(Log.java:8)
	at com.hrms.utility.Log.info(Log.java:8)
	at com.hrms.utility.Log.info(Log.java:8)
	at com.hrms.utility.Log.info(Log.java:8)
	at com.hrms.utility.Log.info(Log.java:8)
	at com.hrms.utility.Log.info(Log.java:8)
	at com.hrms.utility.Log.info(Log.java:8)
	at com.hrms.utility.Log.info(Log.java:8)
	at com.hrms.utility.Log.info(Log.java:8)
	at com.hrms.utility.Log.info(Log.java:8)
	at com.hrms.utility.Log.info(Log.java:8)
	at com.hrms.utility.Log.info(Log.java:8)
	at com.hrms.utility.Log.info(Log.java:8)
	at com.hrms.utility.Log.info(Log.java:8)
	at com.hrms.utility.Log.info(Log.java:8)
	at com.hrms.utility.Log.info(Log.java:8)
	at com.hrms.utility.Log.info(Log.java:8)
	at com.hrms.utility.Log.info(Log.java:8)
	at com.hrms.utility.Log.info(Log.java:8)
	at com.hrms.utility.Log.info(Log.java:8)
	at com.hrms.utility.Log.info(Log.java:8)
	at com.hrms.utility.Log.info(Log.java:8)
	at com.hrms.utility.Log.info(Log.java:8)
	at com.hrms.utility.Log.info(Log.java:8)
	at com.hrms.utility.Log.info(Log.java:8)
	at com.hrms.utility.Log.info(Log.java:8)
	at com.hrms.utility.Log.info(Log.java:8)
	at com.hrms.utility.Log.info(Log.java:8)
	at com.hrms.utility.Log.info(Log.java:8)
	at com.hrms.utility.Log.info(Log.java:8)
	at com.hrms.utility.Log.info(Log.java:8)
	at com.hrms.utility.Log.info(Log.java:8)
	at com.hrms.utility.Log.info(Log.java:8)
	at com.hrms.utility.Log.info(Log.java:8)
	at com.hrms.utility.Log.info(Log.java:8)
	at com.hrms.utility.Log.info(Log.java:8)
	at com.hrms.utility.Log.info(Log.java:8)
	at com.hrms.utility.Log.info(Log.java:8)
	at com.hrms.utility.Log.info(Log.java:8)
	at com.hrms.utility.Log.info(Log.java:8)
	at com.hrms.utility.Log.info(Log.java:8)
	at com.hrms.utility.Log.info(Log.java:8)
	at com.hrms.utility.Log.info(Log.java:8)
	at com.hrms.utility.Log.info(Log.java:8)
	at com.hrms.utility.Log.info(Log.java:8)
	at com.hrms.utility.Log.info(Log.java:8)
	at com.hrms.utility.Log.info(Log.java:8)
	at com.hrms.utility.Log.info(Log.java:8)
	at com.hrms.utility.Log.info(Log.java:8)
	at com.hrms.utility.Log.info(Log.java:8)
	at com.hrms.utility.Log.info(Log.java:8)
	at com.hrms.utility.Log.info(Log.java:8)
	at com.hrms.utility.Log.info(Log.java:8)
	at com.hrms.utility.Log.info(Log.java:8)
	at com.hrms.utility.Log.info(Log.java:8)
	at com.hrms.utility.Log.info(Log.java:8)
	at com.hrms.utility.Log.info(Log.java:8)
	at com.hrms.utility.Log.info(Log.java:8)
	at com.hrms.utility.Log.info(Log.java:8)
	at com.hrms.utility.Log.info(Log.java:8)
	at com.hrms.utility.Log.info(Log.java:8)
	at com.hrms.utility.Log.info(Log.java:8)
	at com.hrms.utility.Log.info(Log.java:8)
	at com.hrms.utility.Log.info(Log.java:8)
	at com.hrms.utility.Log.info(Log.java:8)
	at com.hrms.utility.Log.info(Log.java:8)
	at com.hrms.utility.Log.info(Log.java:8)
	at com.hrms.utility.Log.info(Log.java:8)
	at com.hrms.utility.Log.info(Log.java:8)
	at com.hrms.utility.Log.info(Log.java:8)
	at com.hrms.utility.Log.info(Log.java:8)
	at com.hrms.utility.Log.info(Log.java:8)
	at com.hrms.utility.Log.info(Log.java:8)
	at com.hrms.utility.Log.info(Log.java:8)
	at com.hrms.utility.Log.info(Log.java:8)
	at com.hrms.utility.Log.info(Log.java:8)
	at com.hrms.utility.Log.info(Log.java:8)
	at com.hrms.utility.Log.info(Log.java:8)
	at com.hrms.utility.Log.info(Log.java:8)
	at com.hrms.utility.Log.info(Log.java:8)
	at com.hrms.utility.Log.info(Log.java:8)
	at com.hrms.utility.Log.info(Log.java:8)
	at com.hrms.utility.Log.info(Log.java:8)
	at com.hrms.utility.Log.info(Log.java:8)
	at com.hrms.utility.Log.info(Log.java:8)
	at com.hrms.utility.Log.info(Log.java:8)
	at com.hrms.utility.Log.info(Log.java:8)
	at com.hrms.utility.Log.info(Log.java:8)
	at com.hrms.utility.Log.info(Log.java:8)
	at com.hrms.utility.Log.info(Log.java:8)
	at com.hrms.utility.Log.info(Log.java:8)
	at com.hrms.utility.Log.info(Log.java:8)
	at com.hrms.utility.Log.info(Log.java:8)
	at com.hrms.utility.Log.info(Log.java:8)
	at com.hrms.utility.Log.info(Log.java:8)
	at com.hrms.utility.Log.info(Log.java:8)
	at com.hrms.utility.Log.info(Log.java:8)
	at com.hrms.utility.Log.info(Log.java:8)
	at com.hrms.utility.Log.info(Log.java:8)
	at com.hrms.utility.Log.info(Log.java:8)
	at com.hrms.utility.Log.info(Log.java:8)
	at com.hrms.utility.Log.info(Log.java:8)
	at com.hrms.utility.Log.info(Log.java:8)
	at com.hrms.utility.Log.info(Log.java:8)
	at com.hrms.utility.Log.info(Log.java:8)
	at com.hrms.utility.Log.info(Log.java:8)
	at com.hrms.utility.Log.info(Log.java:8)
	at com.hrms.utility.Log.info(Log.java:8)
	at com.hrms.utility.Log.info(Log.java:8)
	at com.hrms.utility.Log.info(Log.java:8)
	at com.hrms.utility.Log.info(Log.java:8)
	at com.hrms.utility.Log.info(Log.java:8)
	at com.hrms.utility.Log.info(Log.java:8)
	at com.hrms.utility.Log.info(Log.java:8)
	at com.hrms.utility.Log.info(Log.java:8)
	at com.hrms.utility.Log.info(Log.java:8)
	at com.hrms.utility.Log.info(Log.java:8)
	at com.hrms.utility.Log.info(Log.java:8)
	at com.hrms.utility.Log.info(Log.java:8)
	at com.hrms.utility.Log.info(Log.java:8)
	at com.hrms.utility.Log.info(Log.java:8)
	at com.hrms.utility.Log.info(Log.java:8)
	at com.hrms.utility.Log.info(Log.java:8)
	at com.hrms.utility.Log.info(Log.java:8)
	at com.hrms.utility.Log.info(Log.java:8)
	at com.hrms.utility.Log.info(Log.java:8)
	at com.hrms.utility.Log.info(Log.java:8)
	at com.hrms.utility.Log.info(Log.java:8)
	at com.hrms.utility.Log.info(Log.java:8)
	at com.hrms.utility.Log.info(Log.java:8)
	at com.hrms.utility.Log.info(Log.java:8)
	at com.hrms.utility.Log.info(Log.java:8)
	at com.hrms.utility.Log.info(Log.java:8)
	at com.hrms.utility.Log.info(Log.java:8)
	at com.hrms.utility.Log.info(Log.java:8)
	at com.hrms.utility.Log.info(Log.java:8)
	at com.hrms.utility.Log.info(Log.java:8)
	at com.hrms.utility.Log.info(Log.java:8)
	at com.hrms.utility.Log.info(Log.java:8)
	at com.hrms.utility.Log.info(Log.java:8)
	at com.hrms.utility.Log.info(Log.java:8)
	at com.hrms.utility.Log.info(Log.java:8)
	at com.hrms.utility.Log.info(Log.java:8)
	at com.hrms.utility.Log.info(Log.java:8)
	at com.hrms.utility.Log.info(Log.java:8)
	at com.hrms.utility.Log.info(Log.java:8)
	at com.hrms.utility.Log.info(Log.java:8)
	at com.hrms.utility.Log.info(Log.java:8)
	at com.hrms.utility.Log.info(Log.java:8)
	at com.hrms.utility.Log.info(Log.java:8)
	at com.hrms.utility.Log.info(Log.java:8)
	at com.hrms.utility.Log.info(Log.java:8)
	at com.hrms.utility.Log.info(Log.java:8)
	at com.hrms.utility.Log.info(Log.java:8)
	at com.hrms.utility.Log.info(Log.java:8)
	at com.hrms.utility.Log.info(Log.java:8)
	at com.hrms.utility.Log.info(Log.java:8)
	at com.hrms.utility.Log.info(Log.java:8)
	at com.hrms.utility.Log.info(Log.java:8)
	at com.hrms.utility.Log.info(Log.java:8)
	at com.hrms.utility.Log.info(Log.java:8)
	at com.hrms.utility.Log.info(Log.java:8)
	at com.hrms.utility.Log.info(Log.java:8)
	at com.hrms.utility.Log.info(Log.java:8)
	at com.hrms.utility.Log.info(Log.java:8)
	at com.hrms.utility.Log.info(Log.java:8)
	at com.hrms.utility.Log.info(Log.java:8)
	at com.hrms.utility.Log.info(Log.java:8)
	at com.hrms.utility.Log.info(Log.java:8)
	at com.hrms.utility.Log.info(Log.java:8)
	at com.hrms.utility.Log.info(Log.java:8)
	at com.hrms.utility.Log.info(Log.java:8)
	at com.hrms.utility.Log.info(Log.java:8)
	at com.hrms.utility.Log.info(Log.java:8)
	at com.hrms.utility.Log.info(Log.java:8)
	at com.hrms.utility.Log.info(Log.java:8)
	at com.hrms.utility.Log.info(Log.java:8)
	at com.hrms.utility.Log.info(Log.java:8)
	at com.hrms.utility.Log.info(Log.java:8)
	at com.hrms.utility.Log.info(Log.java:8)
	at com.hrms.utility.Log.info(Log.java:8)
	at com.hrms.utility.Log.info(Log.java:8)
	at com.hrms.utility.Log.info(Log.java:8)
	at com.hrms.utility.Log.info(Log.java:8)
	at com.hrms.utility.Log.info(Log.java:8)
	at com.hrms.utility.Log.info(Log.java:8)
	at com.hrms.utility.Log.info(Log.java:8)
	at com.hrms.utility.Log.info(Log.java:8)
	at com.hrms.utility.Log.info(Log.java:8)
	at com.hrms.utility.Log.info(Log.java:8)
	at com.hrms.utility.Log.info(Log.java:8)
	at com.hrms.utility.Log.info(Log.java:8)
]]>
    </failure>
  </testcase> <!-- edit -->
</testsuite> <!-- com.hrms.as.TC004_EditEmployee -->
