<?xml version="1.0" encoding="UTF-8"?>
<!-- Generated by org.testng.reporters.JUnitReportReporter -->
<testsuite hostname="LAPTOP-5COFNKBT" failures="1" tests="1" name="com.hrms.as.TC003_DeleteEmployee" time="4.672" errors="0" timestamp="10 Feb 2024 06:42:38 GMT">
  <testcase classname="com.hrms.as.TC003_DeleteEmployee" name="del_Emp" time="4.672">
    <failure type="java.lang.StackOverflowError">
      <![CDATA[java.lang.StackOverflowError
	at com.hrms.utility.Log.info(Log.java:8)
	at com.hrms.utility.Log.info(Log.java:8)
	at com.hrms.utility.Log.info(Log.java:8)
	at com.hrms.utility.Log.info(Log.java:8)
	at com.hrms.utility.Log.info(Log.java:8)
	at com.hrms.utility.Log.info(Log.java:8)
	at com.hrms.utility.Log.info(Log.java:8)
	at com.hrms.utility.Log.info(Log.java:8)
	at com.hrms.utility.Log.info(Log.java:8)
	at com.hrms.utility.Log.info(Log.java:8)
	at com.hrms.utility.Log.info(Log.java:8)
	at com.hrms.utility.Log.info(Log.java:8)
	at com.hrms.utility.Log.info(Log.java:8)
	at com.hrms.utility.Log.info(Log.java:8)
	at com.hrms.utility.Log.info(Log.java:8)
	at com.hrms.utility.Log.info(Log.java:8)
	at com.hrms.utility.Log.info(Log.java:8)
	at com.hrms.utility.Log.info(Log.java:8)
	at com.hrms.utility.Log.info(Log.java:8)
	at com.hrms.utility.Log.info(Log.java:8)
	at com.hrms.utility.Log.info(Log.java:8)
	at com.hrms.utility.Log.info(Log.java:8)
	at com.hrms.utility.Log.info(Log.java:8)
	at com.hrms.utility.Log.info(Log.java:8)
	at com.hrms.utility.Log.info(Log.java:8)
	at com.hrms.utility.Log.info(Log.java:8)
	at com.hrms.utility.Log.info(Log.java:8)
	at com.hrms.utility.Log.info(Log.java:8)
	at com.hrms.utility.Log.info(Log.java:8)
	at com.hrms.utility.Log.info(Log.java:8)
	at com.hrms.utility.Log.info(Log.java:8)
	at com.hrms.utility.Log.info(Log.java:8)
	at com.hrms.utility.Log.info(Log.java:8)
	at com.hrms.utility.Log.info(Log.java:8)
	at com.hrms.utility.Log.info(Log.java:8)
	at com.hrms.utility.Log.info(Log.java:8)
	at com.hrms.utility.Log.info(Log.java:8)
	at com.hrms.utility.Log.info(Log.java:8)
	at com.hrms.utility.Log.info(Log.java:8)
	at com.hrms.utility.Log.info(Log.java:8)
	at com.hrms.utility.Log.info(Log.java:8)
	at com.hrms.utility.Log.info(Log.java:8)
	at com.hrms.utility.Log.info(Log.java:8)
	at com.hrms.utility.Log.info(Log.java:8)
	at com.hrms.utility.Log.info(Log.java:8)
	at com.hrms.utility.Log.info(Log.java:8)
	at com.hrms.utility.Log.info(Log.java:8)
	at com.hrms.utility.Log.info(Log.java:8)
	at com.hrms.utility.Log.info(Log.java:8)
	at com.hrms.utility.Log.info(Log.java:8)
	at com.hrms.utility.Log.info(Log.java:8)
	at com.hrms.utility.Log.info(Log.java:8)
	at com.hrms.utility.Log.info(Log.java:8)
	at com.hrms.utility.Log.info(Log.java:8)
	at com.hrms.utility.Log.info(Log.java:8)
	at com.hrms.utility.Log.info(Log.java:8)
	at com.hrms.utility.Log.info(Log.java:8)
	at com.hrms.utility.Log.info(Log.java:8)
	at com.hrms.utility.Log.info(Log.java:8)
	at com.hrms.utility.Log.info(Log.java:8)
	at com.hrms.utility.Log.info(Log.java:8)
	at com.hrms.utility.Log.info(Log.java:8)
	at com.hrms.utility.Log.info(Log.java:8)
	at com.hrms.utility.Log.info(Log.java:8)
	at com.hrms.utility.Log.info(Log.java:8)
	at com.hrms.utility.Log.info(Log.java:8)
	at com.hrms.utility.Log.info(Log.java:8)
	at com.hrms.utility.Log.info(Log.java:8)
	at com.hrms.utility.Log.info(Log.java:8)
	at com.hrms.utility.Log.info(Log.java:8)
	at com.hrms.utility.Log.info(Log.java:8)
	at com.hrms.utility.Log.info(Log.java:8)
	at com.hrms.utility.Log.info(Log.java:8)
	at com.hrms.utility.Log.info(Log.java:8)
	at com.hrms.utility.Log.info(Log.java:8)
	at com.hrms.utility.Log.info(Log.java:8)
	at com.hrms.utility.Log.info(Log.java:8)
	at com.hrms.utility.Log.info(Log.java:8)
	at com.hrms.utility.Log.info(Log.java:8)
	at com.hrms.utility.Log.info(Log.java:8)
	at com.hrms.utility.Log.info(Log.java:8)
	at com.hrms.utility.Log.info(Log.java:8)
	at com.hrms.utility.Log.info(Log.java:8)
	at com.hrms.utility.Log.info(Log.java:8)
	at com.hrms.utility.Log.info(Log.java:8)
	at com.hrms.utility.Log.info(Log.java:8)
	at com.hrms.utility.Log.info(Log.java:8)
	at com.hrms.utility.Log.info(Log.java:8)
	at com.hrms.utility.Log.info(Log.java:8)
	at com.hrms.utility.Log.info(Log.java:8)
	at com.hrms.utility.Log.info(Log.java:8)
	at com.hrms.utility.Log.info(Log.java:8)
	at com.hrms.utility.Log.info(Log.java:8)
	at com.hrms.utility.Log.info(Log.java:8)
	at com.hrms.utility.Log.info(Log.java:8)
	at com.hrms.utility.Log.info(Log.java:8)
	at com.hrms.utility.Log.info(Log.java:8)
	at com.hrms.utility.Log.info(Log.java:8)
	at com.hrms.utility.Log.info(Log.java:8)
	at com.hrms.utility.Log.info(Log.java:8)
	at com.hrms.utility.Log.info(Log.java:8)
	at com.hrms.utility.Log.info(Log.java:8)
	at com.hrms.utility.Log.info(Log.java:8)
	at com.hrms.utility.Log.info(Log.java:8)
	at com.hrms.utility.Log.info(Log.java:8)
	at com.hrms.utility.Log.info(Log.java:8)
	at com.hrms.utility.Log.info(Log.java:8)
	at com.hrms.utility.Log.info(Log.java:8)
	at com.hrms.utility.Log.info(Log.java:8)
	at com.hrms.utility.Log.info(Log.java:8)
	at com.hrms.utility.Log.info(Log.java:8)
	at com.hrms.utility.Log.info(Log.java:8)
	at com.hrms.utility.Log.info(Log.java:8)
	at com.hrms.utility.Log.info(Log.java:8)
	at com.hrms.utility.Log.info(Log.java:8)
	at com.hrms.utility.Log.info(Log.java:8)
	at com.hrms.utility.Log.info(Log.java:8)
	at com.hrms.utility.Log.info(Log.java:8)
	at com.hrms.utility.Log.info(Log.java:8)
	at com.hrms.utility.Log.info(Log.java:8)
	at com.hrms.utility.Log.info(Log.java:8)
	at com.hrms.utility.Log.info(Log.java:8)
	at com.hrms.utility.Log.info(Log.java:8)
	at com.hrms.utility.Log.info(Log.java:8)
	at com.hrms.utility.Log.info(Log.java:8)
	at com.hrms.utility.Log.info(Log.java:8)
	at com.hrms.utility.Log.info(Log.java:8)
	at com.hrms.utility.Log.info(Log.java:8)
	at com.hrms.utility.Log.info(Log.java:8)
	at com.hrms.utility.Log.info(Log.java:8)
	at com.hrms.utility.Log.info(Log.java:8)
	at com.hrms.utility.Log.info(Log.java:8)
	at com.hrms.utility.Log.info(Log.java:8)
	at com.hrms.utility.Log.info(Log.java:8)
	at com.hrms.utility.Log.info(Log.java:8)
	at com.hrms.utility.Log.info(Log.java:8)
	at com.hrms.utility.Log.info(Log.java:8)
	at com.hrms.utility.Log.info(Log.java:8)
	at com.hrms.utility.Log.info(Log.java:8)
	at com.hrms.utility.Log.info(Log.java:8)
	at com.hrms.utility.Log.info(Log.java:8)
	at com.hrms.utility.Log.info(Log.java:8)
	at com.hrms.utility.Log.info(Log.java:8)
	at com.hrms.utility.Log.info(Log.java:8)
	at com.hrms.utility.Log.info(Log.java:8)
	at com.hrms.utility.Log.info(Log.java:8)
	at com.hrms.utility.Log.info(Log.java:8)
	at com.hrms.utility.Log.info(Log.java:8)
	at com.hrms.utility.Log.info(Log.java:8)
	at com.hrms.utility.Log.info(Log.java:8)
	at com.hrms.utility.Log.info(Log.java:8)
	at com.hrms.utility.Log.info(Log.java:8)
	at com.hrms.utility.Log.info(Log.java:8)
	at com.hrms.utility.Log.info(Log.java:8)
	at com.hrms.utility.Log.info(Log.java:8)
	at com.hrms.utility.Log.info(Log.java:8)
	at com.hrms.utility.Log.info(Log.java:8)
	at com.hrms.utility.Log.info(Log.java:8)
	at com.hrms.utility.Log.info(Log.java:8)
	at com.hrms.utility.Log.info(Log.java:8)
	at com.hrms.utility.Log.info(Log.java:8)
	at com.hrms.utility.Log.info(Log.java:8)
	at com.hrms.utility.Log.info(Log.java:8)
	at com.hrms.utility.Log.info(Log.java:8)
	at com.hrms.utility.Log.info(Log.java:8)
	at com.hrms.utility.Log.info(Log.java:8)
	at com.hrms.utility.Log.info(Log.java:8)
	at com.hrms.utility.Log.info(Log.java:8)
	at com.hrms.utility.Log.info(Log.java:8)
	at com.hrms.utility.Log.info(Log.java:8)
	at com.hrms.utility.Log.info(Log.java:8)
	at com.hrms.utility.Log.info(Log.java:8)
	at com.hrms.utility.Log.info(Log.java:8)
	at com.hrms.utility.Log.info(Log.java:8)
	at com.hrms.utility.Log.info(Log.java:8)
	at com.hrms.utility.Log.info(Log.java:8)
	at com.hrms.utility.Log.info(Log.java:8)
	at com.hrms.utility.Log.info(Log.java:8)
	at com.hrms.utility.Log.info(Log.java:8)
	at com.hrms.utility.Log.info(Log.java:8)
	at com.hrms.utility.Log.info(Log.java:8)
	at com.hrms.utility.Log.info(Log.java:8)
	at com.hrms.utility.Log.info(Log.java:8)
	at com.hrms.utility.Log.info(Log.java:8)
	at com.hrms.utility.Log.info(Log.java:8)
	at com.hrms.utility.Log.info(Log.java:8)
	at com.hrms.utility.Log.info(Log.java:8)
	at com.hrms.utility.Log.info(Log.java:8)
	at com.hrms.utility.Log.info(Log.java:8)
	at com.hrms.utility.Log.info(Log.java:8)
	at com.hrms.utility.Log.info(Log.java:8)
	at com.hrms.utility.Log.info(Log.java:8)
	at com.hrms.utility.Log.info(Log.java:8)
	at com.hrms.utility.Log.info(Log.java:8)
	at com.hrms.utility.Log.info(Log.java:8)
	at com.hrms.utility.Log.info(Log.java:8)
	at com.hrms.utility.Log.info(Log.java:8)
	at com.hrms.utility.Log.info(Log.java:8)
	at com.hrms.utility.Log.info(Log.java:8)
	at com.hrms.utility.Log.info(Log.java:8)
	at com.hrms.utility.Log.info(Log.java:8)
	at com.hrms.utility.Log.info(Log.java:8)
	at com.hrms.utility.Log.info(Log.java:8)
	at com.hrms.utility.Log.info(Log.java:8)
	at com.hrms.utility.Log.info(Log.java:8)
	at com.hrms.utility.Log.info(Log.java:8)
	at com.hrms.utility.Log.info(Log.java:8)
	at com.hrms.utility.Log.info(Log.java:8)
	at com.hrms.utility.Log.info(Log.java:8)
	at com.hrms.utility.Log.info(Log.java:8)
	at com.hrms.utility.Log.info(Log.java:8)
	at com.hrms.utility.Log.info(Log.java:8)
	at com.hrms.utility.Log.info(Log.java:8)
	at com.hrms.utility.Log.info(Log.java:8)
	at com.hrms.utility.Log.info(Log.java:8)
	at com.hrms.utility.Log.info(Log.java:8)
	at com.hrms.utility.Log.info(Log.java:8)
	at com.hrms.utility.Log.info(Log.java:8)
	at com.hrms.utility.Log.info(Log.java:8)
	at com.hrms.utility.Log.info(Log.java:8)
	at com.hrms.utility.Log.info(Log.java:8)
	at com.hrms.utility.Log.info(Log.java:8)
	at com.hrms.utility.Log.info(Log.java:8)
	at com.hrms.utility.Log.info(Log.java:8)
	at com.hrms.utility.Log.info(Log.java:8)
	at com.hrms.utility.Log.info(Log.java:8)
	at com.hrms.utility.Log.info(Log.java:8)
	at com.hrms.utility.Log.info(Log.java:8)
	at com.hrms.utility.Log.info(Log.java:8)
	at com.hrms.utility.Log.info(Log.java:8)
	at com.hrms.utility.Log.info(Log.java:8)
	at com.hrms.utility.Log.info(Log.java:8)
	at com.hrms.utility.Log.info(Log.java:8)
	at com.hrms.utility.Log.info(Log.java:8)
	at com.hrms.utility.Log.info(Log.java:8)
	at com.hrms.utility.Log.info(Log.java:8)
	at com.hrms.utility.Log.info(Log.java:8)
	at com.hrms.utility.Log.info(Log.java:8)
	at com.hrms.utility.Log.info(Log.java:8)
	at com.hrms.utility.Log.info(Log.java:8)
	at com.hrms.utility.Log.info(Log.java:8)
	at com.hrms.utility.Log.info(Log.java:8)
	at com.hrms.utility.Log.info(Log.java:8)
	at com.hrms.utility.Log.info(Log.java:8)
	at com.hrms.utility.Log.info(Log.java:8)
	at com.hrms.utility.Log.info(Log.java:8)
	at com.hrms.utility.Log.info(Log.java:8)
	at com.hrms.utility.Log.info(Log.java:8)
	at com.hrms.utility.Log.info(Log.java:8)
	at com.hrms.utility.Log.info(Log.java:8)
	at com.hrms.utility.Log.info(Log.java:8)
	at com.hrms.utility.Log.info(Log.java:8)
	at com.hrms.utility.Log.info(Log.java:8)
	at com.hrms.utility.Log.info(Log.java:8)
	at com.hrms.utility.Log.info(Log.java:8)
	at com.hrms.utility.Log.info(Log.java:8)
	at com.hrms.utility.Log.info(Log.java:8)
	at com.hrms.utility.Log.info(Log.java:8)
	at com.hrms.utility.Log.info(Log.java:8)
	at com.hrms.utility.Log.info(Log.java:8)
	at com.hrms.utility.Log.info(Log.java:8)
	at com.hrms.utility.Log.info(Log.java:8)
	at com.hrms.utility.Log.info(Log.java:8)
	at com.hrms.utility.Log.info(Log.java:8)
	at com.hrms.utility.Log.info(Log.java:8)
	at com.hrms.utility.Log.info(Log.java:8)
	at com.hrms.utility.Log.info(Log.java:8)
	at com.hrms.utility.Log.info(Log.java:8)
	at com.hrms.utility.Log.info(Log.java:8)
	at com.hrms.utility.Log.info(Log.java:8)
	at com.hrms.utility.Log.info(Log.java:8)
	at com.hrms.utility.Log.info(Log.java:8)
	at com.hrms.utility.Log.info(Log.java:8)
	at com.hrms.utility.Log.info(Log.java:8)
	at com.hrms.utility.Log.info(Log.java:8)
	at com.hrms.utility.Log.info(Log.java:8)
	at com.hrms.utility.Log.info(Log.java:8)
	at com.hrms.utility.Log.info(Log.java:8)
	at com.hrms.utility.Log.info(Log.java:8)
	at com.hrms.utility.Log.info(Log.java:8)
	at com.hrms.utility.Log.info(Log.java:8)
	at com.hrms.utility.Log.info(Log.java:8)
	at com.hrms.utility.Log.info(Log.java:8)
	at com.hrms.utility.Log.info(Log.java:8)
	at com.hrms.utility.Log.info(Log.java:8)
	at com.hrms.utility.Log.info(Log.java:8)
	at com.hrms.utility.Log.info(Log.java:8)
	at com.hrms.utility.Log.info(Log.java:8)
	at com.hrms.utility.Log.info(Log.java:8)
	at com.hrms.utility.Log.info(Log.java:8)
	at com.hrms.utility.Log.info(Log.java:8)
	at com.hrms.utility.Log.info(Log.java:8)
	at com.hrms.utility.Log.info(Log.java:8)
	at com.hrms.utility.Log.info(Log.java:8)
	at com.hrms.utility.Log.info(Log.java:8)
	at com.hrms.utility.Log.info(Log.java:8)
	at com.hrms.utility.Log.info(Log.java:8)
	at com.hrms.utility.Log.info(Log.java:8)
	at com.hrms.utility.Log.info(Log.java:8)
	at com.hrms.utility.Log.info(Log.java:8)
	at com.hrms.utility.Log.info(Log.java:8)
	at com.hrms.utility.Log.info(Log.java:8)
	at com.hrms.utility.Log.info(Log.java:8)
	at com.hrms.utility.Log.info(Log.java:8)
	at com.hrms.utility.Log.info(Log.java:8)
	at com.hrms.utility.Log.info(Log.java:8)
	at com.hrms.utility.Log.info(Log.java:8)
	at com.hrms.utility.Log.info(Log.java:8)
	at com.hrms.utility.Log.info(Log.java:8)
	at com.hrms.utility.Log.info(Log.java:8)
	at com.hrms.utility.Log.info(Log.java:8)
	at com.hrms.utility.Log.info(Log.java:8)
	at com.hrms.utility.Log.info(Log.java:8)
	at com.hrms.utility.Log.info(Log.java:8)
	at com.hrms.utility.Log.info(Log.java:8)
	at com.hrms.utility.Log.info(Log.java:8)
	at com.hrms.utility.Log.info(Log.java:8)
	at com.hrms.utility.Log.info(Log.java:8)
	at com.hrms.utility.Log.info(Log.java:8)
	at com.hrms.utility.Log.info(Log.java:8)
	at com.hrms.utility.Log.info(Log.java:8)
	at com.hrms.utility.Log.info(Log.java:8)
	at com.hrms.utility.Log.info(Log.java:8)
	at com.hrms.utility.Log.info(Log.java:8)
	at com.hrms.utility.Log.info(Log.java:8)
	at com.hrms.utility.Log.info(Log.java:8)
	at com.hrms.utility.Log.info(Log.java:8)
	at com.hrms.utility.Log.info(Log.java:8)
	at com.hrms.utility.Log.info(Log.java:8)
	at com.hrms.utility.Log.info(Log.java:8)
	at com.hrms.utility.Log.info(Log.java:8)
	at com.hrms.utility.Log.info(Log.java:8)
	at com.hrms.utility.Log.info(Log.java:8)
	at com.hrms.utility.Log.info(Log.java:8)
	at com.hrms.utility.Log.info(Log.java:8)
	at com.hrms.utility.Log.info(Log.java:8)
	at com.hrms.utility.Log.info(Log.java:8)
	at com.hrms.utility.Log.info(Log.java:8)
	at com.hrms.utility.Log.info(Log.java:8)
	at com.hrms.utility.Log.info(Log.java:8)
	at com.hrms.utility.Log.info(Log.java:8)
	at com.hrms.utility.Log.info(Log.java:8)
	at com.hrms.utility.Log.info(Log.java:8)
	at com.hrms.utility.Log.info(Log.java:8)
	at com.hrms.utility.Log.info(Log.java:8)
	at com.hrms.utility.Log.info(Log.java:8)
	at com.hrms.utility.Log.info(Log.java:8)
	at com.hrms.utility.Log.info(Log.java:8)
	at com.hrms.utility.Log.info(Log.java:8)
	at com.hrms.utility.Log.info(Log.java:8)
	at com.hrms.utility.Log.info(Log.java:8)
	at com.hrms.utility.Log.info(Log.java:8)
	at com.hrms.utility.Log.info(Log.java:8)
	at com.hrms.utility.Log.info(Log.java:8)
	at com.hrms.utility.Log.info(Log.java:8)
	at com.hrms.utility.Log.info(Log.java:8)
	at com.hrms.utility.Log.info(Log.java:8)
	at com.hrms.utility.Log.info(Log.java:8)
	at com.hrms.utility.Log.info(Log.java:8)
	at com.hrms.utility.Log.info(Log.java:8)
	at com.hrms.utility.Log.info(Log.java:8)
	at com.hrms.utility.Log.info(Log.java:8)
	at com.hrms.utility.Log.info(Log.java:8)
	at com.hrms.utility.Log.info(Log.java:8)
	at com.hrms.utility.Log.info(Log.java:8)
	at com.hrms.utility.Log.info(Log.java:8)
	at com.hrms.utility.Log.info(Log.java:8)
	at com.hrms.utility.Log.info(Log.java:8)
	at com.hrms.utility.Log.info(Log.java:8)
	at com.hrms.utility.Log.info(Log.java:8)
	at com.hrms.utility.Log.info(Log.java:8)
	at com.hrms.utility.Log.info(Log.java:8)
	at com.hrms.utility.Log.info(Log.java:8)
	at com.hrms.utility.Log.info(Log.java:8)
	at com.hrms.utility.Log.info(Log.java:8)
	at com.hrms.utility.Log.info(Log.java:8)
	at com.hrms.utility.Log.info(Log.java:8)
	at com.hrms.utility.Log.info(Log.java:8)
	at com.hrms.utility.Log.info(Log.java:8)
	at com.hrms.utility.Log.info(Log.java:8)
	at com.hrms.utility.Log.info(Log.java:8)
	at com.hrms.utility.Log.info(Log.java:8)
	at com.hrms.utility.Log.info(Log.java:8)
	at com.hrms.utility.Log.info(Log.java:8)
	at com.hrms.utility.Log.info(Log.java:8)
	at com.hrms.utility.Log.info(Log.java:8)
	at com.hrms.utility.Log.info(Log.java:8)
	at com.hrms.utility.Log.info(Log.java:8)
	at com.hrms.utility.Log.info(Log.java:8)
	at com.hrms.utility.Log.info(Log.java:8)
	at com.hrms.utility.Log.info(Log.java:8)
	at com.hrms.utility.Log.info(Log.java:8)
	at com.hrms.utility.Log.info(Log.java:8)
	at com.hrms.utility.Log.info(Log.java:8)
	at com.hrms.utility.Log.info(Log.java:8)
	at com.hrms.utility.Log.info(Log.java:8)
	at com.hrms.utility.Log.info(Log.java:8)
	at com.hrms.utility.Log.info(Log.java:8)
	at com.hrms.utility.Log.info(Log.java:8)
	at com.hrms.utility.Log.info(Log.java:8)
	at com.hrms.utility.Log.info(Log.java:8)
	at com.hrms.utility.Log.info(Log.java:8)
	at com.hrms.utility.Log.info(Log.java:8)
	at com.hrms.utility.Log.info(Log.java:8)
	at com.hrms.utility.Log.info(Log.java:8)
	at com.hrms.utility.Log.info(Log.java:8)
	at com.hrms.utility.Log.info(Log.java:8)
	at com.hrms.utility.Log.info(Log.java:8)
	at com.hrms.utility.Log.info(Log.java:8)
	at com.hrms.utility.Log.info(Log.java:8)
	at com.hrms.utility.Log.info(Log.java:8)
	at com.hrms.utility.Log.info(Log.java:8)
	at com.hrms.utility.Log.info(Log.java:8)
	at com.hrms.utility.Log.info(Log.java:8)
	at com.hrms.utility.Log.info(Log.java:8)
	at com.hrms.utility.Log.info(Log.java:8)
	at com.hrms.utility.Log.info(Log.java:8)
	at com.hrms.utility.Log.info(Log.java:8)
	at com.hrms.utility.Log.info(Log.java:8)
	at com.hrms.utility.Log.info(Log.java:8)
	at com.hrms.utility.Log.info(Log.java:8)
	at com.hrms.utility.Log.info(Log.java:8)
	at com.hrms.utility.Log.info(Log.java:8)
	at com.hrms.utility.Log.info(Log.java:8)
	at com.hrms.utility.Log.info(Log.java:8)
	at com.hrms.utility.Log.info(Log.java:8)
	at com.hrms.utility.Log.info(Log.java:8)
	at com.hrms.utility.Log.info(Log.java:8)
	at com.hrms.utility.Log.info(Log.java:8)
	at com.hrms.utility.Log.info(Log.java:8)
	at com.hrms.utility.Log.info(Log.java:8)
	at com.hrms.utility.Log.info(Log.java:8)
	at com.hrms.utility.Log.info(Log.java:8)
	at com.hrms.utility.Log.info(Log.java:8)
	at com.hrms.utility.Log.info(Log.java:8)
	at com.hrms.utility.Log.info(Log.java:8)
	at com.hrms.utility.Log.info(Log.java:8)
	at com.hrms.utility.Log.info(Log.java:8)
	at com.hrms.utility.Log.info(Log.java:8)
	at com.hrms.utility.Log.info(Log.java:8)
	at com.hrms.utility.Log.info(Log.java:8)
	at com.hrms.utility.Log.info(Log.java:8)
	at com.hrms.utility.Log.info(Log.java:8)
	at com.hrms.utility.Log.info(Log.java:8)
	at com.hrms.utility.Log.info(Log.java:8)
	at com.hrms.utility.Log.info(Log.java:8)
	at com.hrms.utility.Log.info(Log.java:8)
	at com.hrms.utility.Log.info(Log.java:8)
	at com.hrms.utility.Log.info(Log.java:8)
	at com.hrms.utility.Log.info(Log.java:8)
	at com.hrms.utility.Log.info(Log.java:8)
	at com.hrms.utility.Log.info(Log.java:8)
	at com.hrms.utility.Log.info(Log.java:8)
	at com.hrms.utility.Log.info(Log.java:8)
	at com.hrms.utility.Log.info(Log.java:8)
	at com.hrms.utility.Log.info(Log.java:8)
	at com.hrms.utility.Log.info(Log.java:8)
	at com.hrms.utility.Log.info(Log.java:8)
	at com.hrms.utility.Log.info(Log.java:8)
	at com.hrms.utility.Log.info(Log.java:8)
	at com.hrms.utility.Log.info(Log.java:8)
	at com.hrms.utility.Log.info(Log.java:8)
	at com.hrms.utility.Log.info(Log.java:8)
	at com.hrms.utility.Log.info(Log.java:8)
	at com.hrms.utility.Log.info(Log.java:8)
	at com.hrms.utility.Log.info(Log.java:8)
	at com.hrms.utility.Log.info(Log.java:8)
	at com.hrms.utility.Log.info(Log.java:8)
	at com.hrms.utility.Log.info(Log.java:8)
	at com.hrms.utility.Log.info(Log.java:8)
	at com.hrms.utility.Log.info(Log.java:8)
	at com.hrms.utility.Log.info(Log.java:8)
	at com.hrms.utility.Log.info(Log.java:8)
	at com.hrms.utility.Log.info(Log.java:8)
	at com.hrms.utility.Log.info(Log.java:8)
	at com.hrms.utility.Log.info(Log.java:8)
	at com.hrms.utility.Log.info(Log.java:8)
	at com.hrms.utility.Log.info(Log.java:8)
	at com.hrms.utility.Log.info(Log.java:8)
	at com.hrms.utility.Log.info(Log.java:8)
	at com.hrms.utility.Log.info(Log.java:8)
	at com.hrms.utility.Log.info(Log.java:8)
	at com.hrms.utility.Log.info(Log.java:8)
	at com.hrms.utility.Log.info(Log.java:8)
	at com.hrms.utility.Log.info(Log.java:8)
	at com.hrms.utility.Log.info(Log.java:8)
	at com.hrms.utility.Log.info(Log.java:8)
	at com.hrms.utility.Log.info(Log.java:8)
	at com.hrms.utility.Log.info(Log.java:8)
	at com.hrms.utility.Log.info(Log.java:8)
	at com.hrms.utility.Log.info(Log.java:8)
	at com.hrms.utility.Log.info(Log.java:8)
	at com.hrms.utility.Log.info(Log.java:8)
	at com.hrms.utility.Log.info(Log.java:8)
	at com.hrms.utility.Log.info(Log.java:8)
	at com.hrms.utility.Log.info(Log.java:8)
	at com.hrms.utility.Log.info(Log.java:8)
	at com.hrms.utility.Log.info(Log.java:8)
	at com.hrms.utility.Log.info(Log.java:8)
	at com.hrms.utility.Log.info(Log.java:8)
	at com.hrms.utility.Log.info(Log.java:8)
	at com.hrms.utility.Log.info(Log.java:8)
	at com.hrms.utility.Log.info(Log.java:8)
	at com.hrms.utility.Log.info(Log.java:8)
	at com.hrms.utility.Log.info(Log.java:8)
	at com.hrms.utility.Log.info(Log.java:8)
	at com.hrms.utility.Log.info(Log.java:8)
	at com.hrms.utility.Log.info(Log.java:8)
	at com.hrms.utility.Log.info(Log.java:8)
	at com.hrms.utility.Log.info(Log.java:8)
	at com.hrms.utility.Log.info(Log.java:8)
	at com.hrms.utility.Log.info(Log.java:8)
	at com.hrms.utility.Log.info(Log.java:8)
	at com.hrms.utility.Log.info(Log.java:8)
	at com.hrms.utility.Log.info(Log.java:8)
	at com.hrms.utility.Log.info(Log.java:8)
	at com.hrms.utility.Log.info(Log.java:8)
	at com.hrms.utility.Log.info(Log.java:8)
	at com.hrms.utility.Log.info(Log.java:8)
	at com.hrms.utility.Log.info(Log.java:8)
	at com.hrms.utility.Log.info(Log.java:8)
	at com.hrms.utility.Log.info(Log.java:8)
	at com.hrms.utility.Log.info(Log.java:8)
	at com.hrms.utility.Log.info(Log.java:8)
	at com.hrms.utility.Log.info(Log.java:8)
	at com.hrms.utility.Log.info(Log.java:8)
	at com.hrms.utility.Log.info(Log.java:8)
	at com.hrms.utility.Log.info(Log.java:8)
	at com.hrms.utility.Log.info(Log.java:8)
	at com.hrms.utility.Log.info(Log.java:8)
	at com.hrms.utility.Log.info(Log.java:8)
	at com.hrms.utility.Log.info(Log.java:8)
	at com.hrms.utility.Log.info(Log.java:8)
	at com.hrms.utility.Log.info(Log.java:8)
	at com.hrms.utility.Log.info(Log.java:8)
	at com.hrms.utility.Log.info(Log.java:8)
	at com.hrms.utility.Log.info(Log.java:8)
	at com.hrms.utility.Log.info(Log.java:8)
	at com.hrms.utility.Log.info(Log.java:8)
	at com.hrms.utility.Log.info(Log.java:8)
	at com.hrms.utility.Log.info(Log.java:8)
	at com.hrms.utility.Log.info(Log.java:8)
	at com.hrms.utility.Log.info(Log.java:8)
	at com.hrms.utility.Log.info(Log.java:8)
	at com.hrms.utility.Log.info(Log.java:8)
	at com.hrms.utility.Log.info(Log.java:8)
	at com.hrms.utility.Log.info(Log.java:8)
	at com.hrms.utility.Log.info(Log.java:8)
	at com.hrms.utility.Log.info(Log.java:8)
	at com.hrms.utility.Log.info(Log.java:8)
	at com.hrms.utility.Log.info(Log.java:8)
	at com.hrms.utility.Log.info(Log.java:8)
	at com.hrms.utility.Log.info(Log.java:8)
	at com.hrms.utility.Log.info(Log.java:8)
	at com.hrms.utility.Log.info(Log.java:8)
	at com.hrms.utility.Log.info(Log.java:8)
	at com.hrms.utility.Log.info(Log.java:8)
	at com.hrms.utility.Log.info(Log.java:8)
	at com.hrms.utility.Log.info(Log.java:8)
	at com.hrms.utility.Log.info(Log.java:8)
	at com.hrms.utility.Log.info(Log.java:8)
	at com.hrms.utility.Log.info(Log.java:8)
	at com.hrms.utility.Log.info(Log.java:8)
	at com.hrms.utility.Log.info(Log.java:8)
	at com.hrms.utility.Log.info(Log.java:8)
	at com.hrms.utility.Log.info(Log.java:8)
	at com.hrms.utility.Log.info(Log.java:8)
	at com.hrms.utility.Log.info(Log.java:8)
	at com.hrms.utility.Log.info(Log.java:8)
	at com.hrms.utility.Log.info(Log.java:8)
	at com.hrms.utility.Log.info(Log.java:8)
	at com.hrms.utility.Log.info(Log.java:8)
	at com.hrms.utility.Log.info(Log.java:8)
	at com.hrms.utility.Log.info(Log.java:8)
	at com.hrms.utility.Log.info(Log.java:8)
	at com.hrms.utility.Log.info(Log.java:8)
	at com.hrms.utility.Log.info(Log.java:8)
	at com.hrms.utility.Log.info(Log.java:8)
	at com.hrms.utility.Log.info(Log.java:8)
	at com.hrms.utility.Log.info(Log.java:8)
	at com.hrms.utility.Log.info(Log.java:8)
	at com.hrms.utility.Log.info(Log.java:8)
	at com.hrms.utility.Log.info(Log.java:8)
	at com.hrms.utility.Log.info(Log.java:8)
	at com.hrms.utility.Log.info(Log.java:8)
	at com.hrms.utility.Log.info(Log.java:8)
	at com.hrms.utility.Log.info(Log.java:8)
	at com.hrms.utility.Log.info(Log.java:8)
	at com.hrms.utility.Log.info(Log.java:8)
	at com.hrms.utility.Log.info(Log.java:8)
	at com.hrms.utility.Log.info(Log.java:8)
	at com.hrms.utility.Log.info(Log.java:8)
	at com.hrms.utility.Log.info(Log.java:8)
	at com.hrms.utility.Log.info(Log.java:8)
	at com.hrms.utility.Log.info(Log.java:8)
	at com.hrms.utility.Log.info(Log.java:8)
	at com.hrms.utility.Log.info(Log.java:8)
	at com.hrms.utility.Log.info(Log.java:8)
	at com.hrms.utility.Log.info(Log.java:8)
	at com.hrms.utility.Log.info(Log.java:8)
	at com.hrms.utility.Log.info(Log.java:8)
	at com.hrms.utility.Log.info(Log.java:8)
	at com.hrms.utility.Log.info(Log.java:8)
	at com.hrms.utility.Log.info(Log.java:8)
	at com.hrms.utility.Log.info(Log.java:8)
	at com.hrms.utility.Log.info(Log.java:8)
	at com.hrms.utility.Log.info(Log.java:8)
	at com.hrms.utility.Log.info(Log.java:8)
	at com.hrms.utility.Log.info(Log.java:8)
	at com.hrms.utility.Log.info(Log.java:8)
	at com.hrms.utility.Log.info(Log.java:8)
	at com.hrms.utility.Log.info(Log.java:8)
	at com.hrms.utility.Log.info(Log.java:8)
	at com.hrms.utility.Log.info(Log.java:8)
	at com.hrms.utility.Log.info(Log.java:8)
	at com.hrms.utility.Log.info(Log.java:8)
	at com.hrms.utility.Log.info(Log.java:8)
	at com.hrms.utility.Log.info(Log.java:8)
	at com.hrms.utility.Log.info(Log.java:8)
	at com.hrms.utility.Log.info(Log.java:8)
	at com.hrms.utility.Log.info(Log.java:8)
	at com.hrms.utility.Log.info(Log.java:8)
	at com.hrms.utility.Log.info(Log.java:8)
	at com.hrms.utility.Log.info(Log.java:8)
	at com.hrms.utility.Log.info(Log.java:8)
	at com.hrms.utility.Log.info(Log.java:8)
	at com.hrms.utility.Log.info(Log.java:8)
	at com.hrms.utility.Log.info(Log.java:8)
	at com.hrms.utility.Log.info(Log.java:8)
	at com.hrms.utility.Log.info(Log.java:8)
	at com.hrms.utility.Log.info(Log.java:8)
	at com.hrms.utility.Log.info(Log.java:8)
	at com.hrms.utility.Log.info(Log.java:8)
	at com.hrms.utility.Log.info(Log.java:8)
	at com.hrms.utility.Log.info(Log.java:8)
	at com.hrms.utility.Log.info(Log.java:8)
	at com.hrms.utility.Log.info(Log.java:8)
	at com.hrms.utility.Log.info(Log.java:8)
	at com.hrms.utility.Log.info(Log.java:8)
	at com.hrms.utility.Log.info(Log.java:8)
	at com.hrms.utility.Log.info(Log.java:8)
	at com.hrms.utility.Log.info(Log.java:8)
	at com.hrms.utility.Log.info(Log.java:8)
	at com.hrms.utility.Log.info(Log.java:8)
	at com.hrms.utility.Log.info(Log.java:8)
	at com.hrms.utility.Log.info(Log.java:8)
	at com.hrms.utility.Log.info(Log.java:8)
	at com.hrms.utility.Log.info(Log.java:8)
	at com.hrms.utility.Log.info(Log.java:8)
	at com.hrms.utility.Log.info(Log.java:8)
	at com.hrms.utility.Log.info(Log.java:8)
	at com.hrms.utility.Log.info(Log.java:8)
	at com.hrms.utility.Log.info(Log.java:8)
	at com.hrms.utility.Log.info(Log.java:8)
	at com.hrms.utility.Log.info(Log.java:8)
	at com.hrms.utility.Log.info(Log.java:8)
	at com.hrms.utility.Log.info(Log.java:8)
	at com.hrms.utility.Log.info(Log.java:8)
	at com.hrms.utility.Log.info(Log.java:8)
	at com.hrms.utility.Log.info(Log.java:8)
	at com.hrms.utility.Log.info(Log.java:8)
	at com.hrms.utility.Log.info(Log.java:8)
	at com.hrms.utility.Log.info(Log.java:8)
	at com.hrms.utility.Log.info(Log.java:8)
	at com.hrms.utility.Log.info(Log.java:8)
	at com.hrms.utility.Log.info(Log.java:8)
	at com.hrms.utility.Log.info(Log.java:8)
	at com.hrms.utility.Log.info(Log.java:8)
	at com.hrms.utility.Log.info(Log.java:8)
	at com.hrms.utility.Log.info(Log.java:8)
	at com.hrms.utility.Log.info(Log.java:8)
	at com.hrms.utility.Log.info(Log.java:8)
	at com.hrms.utility.Log.info(Log.java:8)
	at com.hrms.utility.Log.info(Log.java:8)
	at com.hrms.utility.Log.info(Log.java:8)
	at com.hrms.utility.Log.info(Log.java:8)
	at com.hrms.utility.Log.info(Log.java:8)
	at com.hrms.utility.Log.info(Log.java:8)
	at com.hrms.utility.Log.info(Log.java:8)
	at com.hrms.utility.Log.info(Log.java:8)
	at com.hrms.utility.Log.info(Log.java:8)
	at com.hrms.utility.Log.info(Log.java:8)
	at com.hrms.utility.Log.info(Log.java:8)
	at com.hrms.utility.Log.info(Log.java:8)
	at com.hrms.utility.Log.info(Log.java:8)
	at com.hrms.utility.Log.info(Log.java:8)
	at com.hrms.utility.Log.info(Log.java:8)
	at com.hrms.utility.Log.info(Log.java:8)
	at com.hrms.utility.Log.info(Log.java:8)
	at com.hrms.utility.Log.info(Log.java:8)
	at com.hrms.utility.Log.info(Log.java:8)
	at com.hrms.utility.Log.info(Log.java:8)
	at com.hrms.utility.Log.info(Log.java:8)
	at com.hrms.utility.Log.info(Log.java:8)
	at com.hrms.utility.Log.info(Log.java:8)
	at com.hrms.utility.Log.info(Log.java:8)
	at com.hrms.utility.Log.info(Log.java:8)
	at com.hrms.utility.Log.info(Log.java:8)
	at com.hrms.utility.Log.info(Log.java:8)
	at com.hrms.utility.Log.info(Log.java:8)
	at com.hrms.utility.Log.info(Log.java:8)
	at com.hrms.utility.Log.info(Log.java:8)
	at com.hrms.utility.Log.info(Log.java:8)
	at com.hrms.utility.Log.info(Log.java:8)
	at com.hrms.utility.Log.info(Log.java:8)
	at com.hrms.utility.Log.info(Log.java:8)
	at com.hrms.utility.Log.info(Log.java:8)
	at com.hrms.utility.Log.info(Log.java:8)
	at com.hrms.utility.Log.info(Log.java:8)
	at com.hrms.utility.Log.info(Log.java:8)
	at com.hrms.utility.Log.info(Log.java:8)
	at com.hrms.utility.Log.info(Log.java:8)
	at com.hrms.utility.Log.info(Log.java:8)
	at com.hrms.utility.Log.info(Log.java:8)
	at com.hrms.utility.Log.info(Log.java:8)
	at com.hrms.utility.Log.info(Log.java:8)
	at com.hrms.utility.Log.info(Log.java:8)
	at com.hrms.utility.Log.info(Log.java:8)
	at com.hrms.utility.Log.info(Log.java:8)
	at com.hrms.utility.Log.info(Log.java:8)
	at com.hrms.utility.Log.info(Log.java:8)
	at com.hrms.utility.Log.info(Log.java:8)
	at com.hrms.utility.Log.info(Log.java:8)
	at com.hrms.utility.Log.info(Log.java:8)
	at com.hrms.utility.Log.info(Log.java:8)
	at com.hrms.utility.Log.info(Log.java:8)
	at com.hrms.utility.Log.info(Log.java:8)
	at com.hrms.utility.Log.info(Log.java:8)
	at com.hrms.utility.Log.info(Log.java:8)
	at com.hrms.utility.Log.info(Log.java:8)
	at com.hrms.utility.Log.info(Log.java:8)
	at com.hrms.utility.Log.info(Log.java:8)
	at com.hrms.utility.Log.info(Log.java:8)
	at com.hrms.utility.Log.info(Log.java:8)
	at com.hrms.utility.Log.info(Log.java:8)
	at com.hrms.utility.Log.info(Log.java:8)
	at com.hrms.utility.Log.info(Log.java:8)
	at com.hrms.utility.Log.info(Log.java:8)
	at com.hrms.utility.Log.info(Log.java:8)
	at com.hrms.utility.Log.info(Log.java:8)
	at com.hrms.utility.Log.info(Log.java:8)
	at com.hrms.utility.Log.info(Log.java:8)
	at com.hrms.utility.Log.info(Log.java:8)
	at com.hrms.utility.Log.info(Log.java:8)
	at com.hrms.utility.Log.info(Log.java:8)
	at com.hrms.utility.Log.info(Log.java:8)
	at com.hrms.utility.Log.info(Log.java:8)
	at com.hrms.utility.Log.info(Log.java:8)
	at com.hrms.utility.Log.info(Log.java:8)
	at com.hrms.utility.Log.info(Log.java:8)
	at com.hrms.utility.Log.info(Log.java:8)
	at com.hrms.utility.Log.info(Log.java:8)
	at com.hrms.utility.Log.info(Log.java:8)
	at com.hrms.utility.Log.info(Log.java:8)
	at com.hrms.utility.Log.info(Log.java:8)
	at com.hrms.utility.Log.info(Log.java:8)
	at com.hrms.utility.Log.info(Log.java:8)
	at com.hrms.utility.Log.info(Log.java:8)
	at com.hrms.utility.Log.info(Log.java:8)
	at com.hrms.utility.Log.info(Log.java:8)
	at com.hrms.utility.Log.info(Log.java:8)
	at com.hrms.utility.Log.info(Log.java:8)
	at com.hrms.utility.Log.info(Log.java:8)
	at com.hrms.utility.Log.info(Log.java:8)
	at com.hrms.utility.Log.info(Log.java:8)
	at com.hrms.utility.Log.info(Log.java:8)
	at com.hrms.utility.Log.info(Log.java:8)
	at com.hrms.utility.Log.info(Log.java:8)
	at com.hrms.utility.Log.info(Log.java:8)
	at com.hrms.utility.Log.info(Log.java:8)
	at com.hrms.utility.Log.info(Log.java:8)
	at com.hrms.utility.Log.info(Log.java:8)
	at com.hrms.utility.Log.info(Log.java:8)
	at com.hrms.utility.Log.info(Log.java:8)
	at com.hrms.utility.Log.info(Log.java:8)
	at com.hrms.utility.Log.info(Log.java:8)
	at com.hrms.utility.Log.info(Log.java:8)
	at com.hrms.utility.Log.info(Log.java:8)
	at com.hrms.utility.Log.info(Log.java:8)
	at com.hrms.utility.Log.info(Log.java:8)
	at com.hrms.utility.Log.info(Log.java:8)
	at com.hrms.utility.Log.info(Log.java:8)
	at com.hrms.utility.Log.info(Log.java:8)
	at com.hrms.utility.Log.info(Log.java:8)
	at com.hrms.utility.Log.info(Log.java:8)
	at com.hrms.utility.Log.info(Log.java:8)
	at com.hrms.utility.Log.info(Log.java:8)
	at com.hrms.utility.Log.info(Log.java:8)
	at com.hrms.utility.Log.info(Log.java:8)
	at com.hrms.utility.Log.info(Log.java:8)
	at com.hrms.utility.Log.info(Log.java:8)
	at com.hrms.utility.Log.info(Log.java:8)
	at com.hrms.utility.Log.info(Log.java:8)
	at com.hrms.utility.Log.info(Log.java:8)
	at com.hrms.utility.Log.info(Log.java:8)
	at com.hrms.utility.Log.info(Log.java:8)
	at com.hrms.utility.Log.info(Log.java:8)
	at com.hrms.utility.Log.info(Log.java:8)
	at com.hrms.utility.Log.info(Log.java:8)
	at com.hrms.utility.Log.info(Log.java:8)
	at com.hrms.utility.Log.info(Log.java:8)
	at com.hrms.utility.Log.info(Log.java:8)
	at com.hrms.utility.Log.info(Log.java:8)
	at com.hrms.utility.Log.info(Log.java:8)
	at com.hrms.utility.Log.info(Log.java:8)
	at com.hrms.utility.Log.info(Log.java:8)
	at com.hrms.utility.Log.info(Log.java:8)
	at com.hrms.utility.Log.info(Log.java:8)
	at com.hrms.utility.Log.info(Log.java:8)
	at com.hrms.utility.Log.info(Log.java:8)
	at com.hrms.utility.Log.info(Log.java:8)
	at com.hrms.utility.Log.info(Log.java:8)
	at com.hrms.utility.Log.info(Log.java:8)
	at com.hrms.utility.Log.info(Log.java:8)
	at com.hrms.utility.Log.info(Log.java:8)
	at com.hrms.utility.Log.info(Log.java:8)
	at com.hrms.utility.Log.info(Log.java:8)
	at com.hrms.utility.Log.info(Log.java:8)
	at com.hrms.utility.Log.info(Log.java:8)
	at com.hrms.utility.Log.info(Log.java:8)
	at com.hrms.utility.Log.info(Log.java:8)
	at com.hrms.utility.Log.info(Log.java:8)
	at com.hrms.utility.Log.info(Log.java:8)
	at com.hrms.utility.Log.info(Log.java:8)
	at com.hrms.utility.Log.info(Log.java:8)
	at com.hrms.utility.Log.info(Log.java:8)
	at com.hrms.utility.Log.info(Log.java:8)
	at com.hrms.utility.Log.info(Log.java:8)
	at com.hrms.utility.Log.info(Log.java:8)
	at com.hrms.utility.Log.info(Log.java:8)
	at com.hrms.utility.Log.info(Log.java:8)
	at com.hrms.utility.Log.info(Log.java:8)
	at com.hrms.utility.Log.info(Log.java:8)
	at com.hrms.utility.Log.info(Log.java:8)
	at com.hrms.utility.Log.info(Log.java:8)
	at com.hrms.utility.Log.info(Log.java:8)
	at com.hrms.utility.Log.info(Log.java:8)
	at com.hrms.utility.Log.info(Log.java:8)
	at com.hrms.utility.Log.info(Log.java:8)
	at com.hrms.utility.Log.info(Log.java:8)
	at com.hrms.utility.Log.info(Log.java:8)
	at com.hrms.utility.Log.info(Log.java:8)
	at com.hrms.utility.Log.info(Log.java:8)
	at com.hrms.utility.Log.info(Log.java:8)
	at com.hrms.utility.Log.info(Log.java:8)
	at com.hrms.utility.Log.info(Log.java:8)
	at com.hrms.utility.Log.info(Log.java:8)
	at com.hrms.utility.Log.info(Log.java:8)
	at com.hrms.utility.Log.info(Log.java:8)
	at com.hrms.utility.Log.info(Log.java:8)
	at com.hrms.utility.Log.info(Log.java:8)
	at com.hrms.utility.Log.info(Log.java:8)
	at com.hrms.utility.Log.info(Log.java:8)
	at com.hrms.utility.Log.info(Log.java:8)
	at com.hrms.utility.Log.info(Log.java:8)
	at com.hrms.utility.Log.info(Log.java:8)
	at com.hrms.utility.Log.info(Log.java:8)
	at com.hrms.utility.Log.info(Log.java:8)
	at com.hrms.utility.Log.info(Log.java:8)
	at com.hrms.utility.Log.info(Log.java:8)
	at com.hrms.utility.Log.info(Log.java:8)
	at com.hrms.utility.Log.info(Log.java:8)
	at com.hrms.utility.Log.info(Log.java:8)
	at com.hrms.utility.Log.info(Log.java:8)
	at com.hrms.utility.Log.info(Log.java:8)
	at com.hrms.utility.Log.info(Log.java:8)
	at com.hrms.utility.Log.info(Log.java:8)
	at com.hrms.utility.Log.info(Log.java:8)
	at com.hrms.utility.Log.info(Log.java:8)
	at com.hrms.utility.Log.info(Log.java:8)
	at com.hrms.utility.Log.info(Log.java:8)
	at com.hrms.utility.Log.info(Log.java:8)
	at com.hrms.utility.Log.info(Log.java:8)
	at com.hrms.utility.Log.info(Log.java:8)
	at com.hrms.utility.Log.info(Log.java:8)
	at com.hrms.utility.Log.info(Log.java:8)
	at com.hrms.utility.Log.info(Log.java:8)
	at com.hrms.utility.Log.info(Log.java:8)
	at com.hrms.utility.Log.info(Log.java:8)
	at com.hrms.utility.Log.info(Log.java:8)
	at com.hrms.utility.Log.info(Log.java:8)
	at com.hrms.utility.Log.info(Log.java:8)
	at com.hrms.utility.Log.info(Log.java:8)
	at com.hrms.utility.Log.info(Log.java:8)
	at com.hrms.utility.Log.info(Log.java:8)
	at com.hrms.utility.Log.info(Log.java:8)
	at com.hrms.utility.Log.info(Log.java:8)
	at com.hrms.utility.Log.info(Log.java:8)
	at com.hrms.utility.Log.info(Log.java:8)
	at com.hrms.utility.Log.info(Log.java:8)
	at com.hrms.utility.Log.info(Log.java:8)
	at com.hrms.utility.Log.info(Log.java:8)
	at com.hrms.utility.Log.info(Log.java:8)
	at com.hrms.utility.Log.info(Log.java:8)
	at com.hrms.utility.Log.info(Log.java:8)
	at com.hrms.utility.Log.info(Log.java:8)
	at com.hrms.utility.Log.info(Log.java:8)
	at com.hrms.utility.Log.info(Log.java:8)
	at com.hrms.utility.Log.info(Log.java:8)
	at com.hrms.utility.Log.info(Log.java:8)
	at com.hrms.utility.Log.info(Log.java:8)
	at com.hrms.utility.Log.info(Log.java:8)
	at com.hrms.utility.Log.info(Log.java:8)
	at com.hrms.utility.Log.info(Log.java:8)
	at com.hrms.utility.Log.info(Log.java:8)
	at com.hrms.utility.Log.info(Log.java:8)
	at com.hrms.utility.Log.info(Log.java:8)
	at com.hrms.utility.Log.info(Log.java:8)
	at com.hrms.utility.Log.info(Log.java:8)
	at com.hrms.utility.Log.info(Log.java:8)
	at com.hrms.utility.Log.info(Log.java:8)
	at com.hrms.utility.Log.info(Log.java:8)
	at com.hrms.utility.Log.info(Log.java:8)
	at com.hrms.utility.Log.info(Log.java:8)
	at com.hrms.utility.Log.info(Log.java:8)
	at com.hrms.utility.Log.info(Log.java:8)
	at com.hrms.utility.Log.info(Log.java:8)
	at com.hrms.utility.Log.info(Log.java:8)
	at com.hrms.utility.Log.info(Log.java:8)
	at com.hrms.utility.Log.info(Log.java:8)
	at com.hrms.utility.Log.info(Log.java:8)
	at com.hrms.utility.Log.info(Log.java:8)
	at com.hrms.utility.Log.info(Log.java:8)
	at com.hrms.utility.Log.info(Log.java:8)
	at com.hrms.utility.Log.info(Log.java:8)
	at com.hrms.utility.Log.info(Log.java:8)
	at com.hrms.utility.Log.info(Log.java:8)
	at com.hrms.utility.Log.info(Log.java:8)
	at com.hrms.utility.Log.info(Log.java:8)
	at com.hrms.utility.Log.info(Log.java:8)
	at com.hrms.utility.Log.info(Log.java:8)
	at com.hrms.utility.Log.info(Log.java:8)
	at com.hrms.utility.Log.info(Log.java:8)
	at com.hrms.utility.Log.info(Log.java:8)
	at com.hrms.utility.Log.info(Log.java:8)
	at com.hrms.utility.Log.info(Log.java:8)
	at com.hrms.utility.Log.info(Log.java:8)
	at com.hrms.utility.Log.info(Log.java:8)
	at com.hrms.utility.Log.info(Log.java:8)
	at com.hrms.utility.Log.info(Log.java:8)
	at com.hrms.utility.Log.info(Log.java:8)
	at com.hrms.utility.Log.info(Log.java:8)
	at com.hrms.utility.Log.info(Log.java:8)
	at com.hrms.utility.Log.info(Log.java:8)
	at com.hrms.utility.Log.info(Log.java:8)
	at com.hrms.utility.Log.info(Log.java:8)
	at com.hrms.utility.Log.info(Log.java:8)
	at com.hrms.utility.Log.info(Log.java:8)
	at com.hrms.utility.Log.info(Log.java:8)
	at com.hrms.utility.Log.info(Log.java:8)
	at com.hrms.utility.Log.info(Log.java:8)
	at com.hrms.utility.Log.info(Log.java:8)
	at com.hrms.utility.Log.info(Log.java:8)
	at com.hrms.utility.Log.info(Log.java:8)
	at com.hrms.utility.Log.info(Log.java:8)
	at com.hrms.utility.Log.info(Log.java:8)
	at com.hrms.utility.Log.info(Log.java:8)
	at com.hrms.utility.Log.info(Log.java:8)
	at com.hrms.utility.Log.info(Log.java:8)
	at com.hrms.utility.Log.info(Log.java:8)
	at com.hrms.utility.Log.info(Log.java:8)
	at com.hrms.utility.Log.info(Log.java:8)
	at com.hrms.utility.Log.info(Log.java:8)
	at com.hrms.utility.Log.info(Log.java:8)
	at com.hrms.utility.Log.info(Log.java:8)
	at com.hrms.utility.Log.info(Log.java:8)
	at com.hrms.utility.Log.info(Log.java:8)
	at com.hrms.utility.Log.info(Log.java:8)
	at com.hrms.utility.Log.info(Log.java:8)
	at com.hrms.utility.Log.info(Log.java:8)
	at com.hrms.utility.Log.info(Log.java:8)
	at com.hrms.utility.Log.info(Log.java:8)
	at com.hrms.utility.Log.info(Log.java:8)
	at com.hrms.utility.Log.info(Log.java:8)
	at com.hrms.utility.Log.info(Log.java:8)
	at com.hrms.utility.Log.info(Log.java:8)
	at com.hrms.utility.Log.info(Log.java:8)
	at com.hrms.utility.Log.info(Log.java:8)
	at com.hrms.utility.Log.info(Log.java:8)
	at com.hrms.utility.Log.info(Log.java:8)
	at com.hrms.utility.Log.info(Log.java:8)
	at com.hrms.utility.Log.info(Log.java:8)
	at com.hrms.utility.Log.info(Log.java:8)
	at com.hrms.utility.Log.info(Log.java:8)
	at com.hrms.utility.Log.info(Log.java:8)
	at com.hrms.utility.Log.info(Log.java:8)
	at com.hrms.utility.Log.info(Log.java:8)
	at com.hrms.utility.Log.info(Log.java:8)
	at com.hrms.utility.Log.info(Log.java:8)
	at com.hrms.utility.Log.info(Log.java:8)
	at com.hrms.utility.Log.info(Log.java:8)
	at com.hrms.utility.Log.info(Log.java:8)
	at com.hrms.utility.Log.info(Log.java:8)
	at com.hrms.utility.Log.info(Log.java:8)
	at com.hrms.utility.Log.info(Log.java:8)
	at com.hrms.utility.Log.info(Log.java:8)
	at com.hrms.utility.Log.info(Log.java:8)
	at com.hrms.utility.Log.info(Log.java:8)
	at com.hrms.utility.Log.info(Log.java:8)
	at com.hrms.utility.Log.info(Log.java:8)
	at com.hrms.utility.Log.info(Log.java:8)
	at com.hrms.utility.Log.info(Log.java:8)
	at com.hrms.utility.Log.info(Log.java:8)
	at com.hrms.utility.Log.info(Log.java:8)
	at com.hrms.utility.Log.info(Log.java:8)
	at com.hrms.utility.Log.info(Log.java:8)
	at com.hrms.utility.Log.info(Log.java:8)
	at com.hrms.utility.Log.info(Log.java:8)
	at com.hrms.utility.Log.info(Log.java:8)
	at com.hrms.utility.Log.info(Log.java:8)
	at com.hrms.utility.Log.info(Log.java:8)
	at com.hrms.utility.Log.info(Log.java:8)
	at com.hrms.utility.Log.info(Log.java:8)
	at com.hrms.utility.Log.info(Log.java:8)
	at com.hrms.utility.Log.info(Log.java:8)
	at com.hrms.utility.Log.info(Log.java:8)
	at com.hrms.utility.Log.info(Log.java:8)
	at com.hrms.utility.Log.info(Log.java:8)
	at com.hrms.utility.Log.info(Log.java:8)
	at com.hrms.utility.Log.info(Log.java:8)
	at com.hrms.utility.Log.info(Log.java:8)
	at com.hrms.utility.Log.info(Log.java:8)
	at com.hrms.utility.Log.info(Log.java:8)
	at com.hrms.utility.Log.info(Log.java:8)
]]>
    </failure>
  </testcase> <!-- del_Emp -->
</testsuite> <!-- com.hrms.as.TC003_DeleteEmployee -->
