<?xml version="1.0" encoding="UTF-8"?>
<!-- Generated by org.testng.reporters.JUnitReportReporter -->
<testsuite hostname="LAPTOP-5COFNKBT" failures="1" tests="1" name="com.hrms.asc.TC004_EditEmployee" time="11.644" errors="0" timestamp="1 Apr 2024 15:50:45 GMT">
  <testcase classname="com.hrms.asc.TC004_EditEmployee" name="edit" time="11.644">
    <failure type="java.lang.StackOverflowError">
      <![CDATA[java.lang.StackOverflowError
	at com.hrms.utility.Log.info(Log.java:8)
	at com.hrms.utility.Log.info(Log.java:8)
	at com.hrms.utility.Log.info(Log.java:8)
	at com.hrms.utility.Log.info(Log.java:8)
	at com.hrms.utility.Log.info(Log.java:8)
	at com.hrms.utility.Log.info(Log.java:8)
	at com.hrms.utility.Log.info(Log.java:8)
	at com.hrms.utility.Log.info(Log.java:8)
	at com.hrms.utility.Log.info(Log.java:8)
	at com.hrms.utility.Log.info(Log.java:8)
	at com.hrms.utility.Log.info(Log.java:8)
	at com.hrms.utility.Log.info(Log.java:8)
	at com.hrms.utility.Log.info(Log.java:8)
	at com.hrms.utility.Log.info(Log.java:8)
	at com.hrms.utility.Log.info(Log.java:8)
	at com.hrms.utility.Log.info(Log.java:8)
	at com.hrms.utility.Log.info(Log.java:8)
	at com.hrms.utility.Log.info(Log.java:8)
	at com.hrms.utility.Log.info(Log.java:8)
	at com.hrms.utility.Log.info(Log.java:8)
	at com.hrms.utility.Log.info(Log.java:8)
	at com.hrms.utility.Log.info(Log.java:8)
	at com.hrms.utility.Log.info(Log.java:8)
	at com.hrms.utility.Log.info(Log.java:8)
	at com.hrms.utility.Log.info(Log.java:8)
	at com.hrms.utility.Log.info(Log.java:8)
	at com.hrms.utility.Log.info(Log.java:8)
	at com.hrms.utility.Log.info(Log.java:8)
	at com.hrms.utility.Log.info(Log.java:8)
	at com.hrms.utility.Log.info(Log.java:8)
	at com.hrms.utility.Log.info(Log.java:8)
	at com.hrms.utility.Log.info(Log.java:8)
	at com.hrms.utility.Log.info(Log.java:8)
	at com.hrms.utility.Log.info(Log.java:8)
	at com.hrms.utility.Log.info(Log.java:8)
	at com.hrms.utility.Log.info(Log.java:8)
	at com.hrms.utility.Log.info(Log.java:8)
	at com.hrms.utility.Log.info(Log.java:8)
	at com.hrms.utility.Log.info(Log.java:8)
	at com.hrms.utility.Log.info(Log.java:8)
	at com.hrms.utility.Log.info(Log.java:8)
	at com.hrms.utility.Log.info(Log.java:8)
	at com.hrms.utility.Log.info(Log.java:8)
	at com.hrms.utility.Log.info(Log.java:8)
	at com.hrms.utility.Log.info(Log.java:8)
	at com.hrms.utility.Log.info(Log.java:8)
	at com.hrms.utility.Log.info(Log.java:8)
	at com.hrms.utility.Log.info(Log.java:8)
	at com.hrms.utility.Log.info(Log.java:8)
	at com.hrms.utility.Log.info(Log.java:8)
	at com.hrms.utility.Log.info(Log.java:8)
	at com.hrms.utility.Log.info(Log.java:8)
	at com.hrms.utility.Log.info(Log.java:8)
	at com.hrms.utility.Log.info(Log.java:8)
	at com.hrms.utility.Log.info(Log.java:8)
	at com.hrms.utility.Log.info(Log.java:8)
	at com.hrms.utility.Log.info(Log.java:8)
	at com.hrms.utility.Log.info(Log.java:8)
	at com.hrms.utility.Log.info(Log.java:8)
	at com.hrms.utility.Log.info(Log.java:8)
	at com.hrms.utility.Log.info(Log.java:8)
	at com.hrms.utility.Log.info(Log.java:8)
	at com.hrms.utility.Log.info(Log.java:8)
	at com.hrms.utility.Log.info(Log.java:8)
	at com.hrms.utility.Log.info(Log.java:8)
	at com.hrms.utility.Log.info(Log.java:8)
	at com.hrms.utility.Log.info(Log.java:8)
	at com.hrms.utility.Log.info(Log.java:8)
	at com.hrms.utility.Log.info(Log.java:8)
	at com.hrms.utility.Log.info(Log.java:8)
	at com.hrms.utility.Log.info(Log.java:8)
	at com.hrms.utility.Log.info(Log.java:8)
	at com.hrms.utility.Log.info(Log.java:8)
	at com.hrms.utility.Log.info(Log.java:8)
	at com.hrms.utility.Log.info(Log.java:8)
	at com.hrms.utility.Log.info(Log.java:8)
	at com.hrms.utility.Log.info(Log.java:8)
	at com.hrms.utility.Log.info(Log.java:8)
	at com.hrms.utility.Log.info(Log.java:8)
	at com.hrms.utility.Log.info(Log.java:8)
	at com.hrms.utility.Log.info(Log.java:8)
	at com.hrms.utility.Log.info(Log.java:8)
	at com.hrms.utility.Log.info(Log.java:8)
	at com.hrms.utility.Log.info(Log.java:8)
	at com.hrms.utility.Log.info(Log.java:8)
	at com.hrms.utility.Log.info(Log.java:8)
	at com.hrms.utility.Log.info(Log.java:8)
	at com.hrms.utility.Log.info(Log.java:8)
	at com.hrms.utility.Log.info(Log.java:8)
	at com.hrms.utility.Log.info(Log.java:8)
	at com.hrms.utility.Log.info(Log.java:8)
	at com.hrms.utility.Log.info(Log.java:8)
	at com.hrms.utility.Log.info(Log.java:8)
	at com.hrms.utility.Log.info(Log.java:8)
	at com.hrms.utility.Log.info(Log.java:8)
	at com.hrms.utility.Log.info(Log.java:8)
	at com.hrms.utility.Log.info(Log.java:8)
	at com.hrms.utility.Log.info(Log.java:8)
	at com.hrms.utility.Log.info(Log.java:8)
	at com.hrms.utility.Log.info(Log.java:8)
	at com.hrms.utility.Log.info(Log.java:8)
	at com.hrms.utility.Log.info(Log.java:8)
	at com.hrms.utility.Log.info(Log.java:8)
	at com.hrms.utility.Log.info(Log.java:8)
	at com.hrms.utility.Log.info(Log.java:8)
	at com.hrms.utility.Log.info(Log.java:8)
	at com.hrms.utility.Log.info(Log.java:8)
	at com.hrms.utility.Log.info(Log.java:8)
	at com.hrms.utility.Log.info(Log.java:8)
	at com.hrms.utility.Log.info(Log.java:8)
	at com.hrms.utility.Log.info(Log.java:8)
	at com.hrms.utility.Log.info(Log.java:8)
	at com.hrms.utility.Log.info(Log.java:8)
	at com.hrms.utility.Log.info(Log.java:8)
	at com.hrms.utility.Log.info(Log.java:8)
	at com.hrms.utility.Log.info(Log.java:8)
	at com.hrms.utility.Log.info(Log.java:8)
	at com.hrms.utility.Log.info(Log.java:8)
	at com.hrms.utility.Log.info(Log.java:8)
	at com.hrms.utility.Log.info(Log.java:8)
	at com.hrms.utility.Log.info(Log.java:8)
	at com.hrms.utility.Log.info(Log.java:8)
	at com.hrms.utility.Log.info(Log.java:8)
	at com.hrms.utility.Log.info(Log.java:8)
	at com.hrms.utility.Log.info(Log.java:8)
	at com.hrms.utility.Log.info(Log.java:8)
	at com.hrms.utility.Log.info(Log.java:8)
	at com.hrms.utility.Log.info(Log.java:8)
	at com.hrms.utility.Log.info(Log.java:8)
	at com.hrms.utility.Log.info(Log.java:8)
	at com.hrms.utility.Log.info(Log.java:8)
	at com.hrms.utility.Log.info(Log.java:8)
	at com.hrms.utility.Log.info(Log.java:8)
	at com.hrms.utility.Log.info(Log.java:8)
	at com.hrms.utility.Log.info(Log.java:8)
	at com.hrms.utility.Log.info(Log.java:8)
	at com.hrms.utility.Log.info(Log.java:8)
	at com.hrms.utility.Log.info(Log.java:8)
	at com.hrms.utility.Log.info(Log.java:8)
	at com.hrms.utility.Log.info(Log.java:8)
	at com.hrms.utility.Log.info(Log.java:8)
	at com.hrms.utility.Log.info(Log.java:8)
	at com.hrms.utility.Log.info(Log.java:8)
	at com.hrms.utility.Log.info(Log.java:8)
	at com.hrms.utility.Log.info(Log.java:8)
	at com.hrms.utility.Log.info(Log.java:8)
	at com.hrms.utility.Log.info(Log.java:8)
	at com.hrms.utility.Log.info(Log.java:8)
	at com.hrms.utility.Log.info(Log.java:8)
	at com.hrms.utility.Log.info(Log.java:8)
	at com.hrms.utility.Log.info(Log.java:8)
	at com.hrms.utility.Log.info(Log.java:8)
	at com.hrms.utility.Log.info(Log.java:8)
	at com.hrms.utility.Log.info(Log.java:8)
	at com.hrms.utility.Log.info(Log.java:8)
	at com.hrms.utility.Log.info(Log.java:8)
	at com.hrms.utility.Log.info(Log.java:8)
	at com.hrms.utility.Log.info(Log.java:8)
	at com.hrms.utility.Log.info(Log.java:8)
	at com.hrms.utility.Log.info(Log.java:8)
	at com.hrms.utility.Log.info(Log.java:8)
	at com.hrms.utility.Log.info(Log.java:8)
	at com.hrms.utility.Log.info(Log.java:8)
	at com.hrms.utility.Log.info(Log.java:8)
	at com.hrms.utility.Log.info(Log.java:8)
	at com.hrms.utility.Log.info(Log.java:8)
	at com.hrms.utility.Log.info(Log.java:8)
	at com.hrms.utility.Log.info(Log.java:8)
	at com.hrms.utility.Log.info(Log.java:8)
	at com.hrms.utility.Log.info(Log.java:8)
	at com.hrms.utility.Log.info(Log.java:8)
	at com.hrms.utility.Log.info(Log.java:8)
	at com.hrms.utility.Log.info(Log.java:8)
	at com.hrms.utility.Log.info(Log.java:8)
	at com.hrms.utility.Log.info(Log.java:8)
	at com.hrms.utility.Log.info(Log.java:8)
	at com.hrms.utility.Log.info(Log.java:8)
	at com.hrms.utility.Log.info(Log.java:8)
	at com.hrms.utility.Log.info(Log.java:8)
	at com.hrms.utility.Log.info(Log.java:8)
	at com.hrms.utility.Log.info(Log.java:8)
	at com.hrms.utility.Log.info(Log.java:8)
	at com.hrms.utility.Log.info(Log.java:8)
	at com.hrms.utility.Log.info(Log.java:8)
	at com.hrms.utility.Log.info(Log.java:8)
	at com.hrms.utility.Log.info(Log.java:8)
	at com.hrms.utility.Log.info(Log.java:8)
	at com.hrms.utility.Log.info(Log.java:8)
	at com.hrms.utility.Log.info(Log.java:8)
	at com.hrms.utility.Log.info(Log.java:8)
	at com.hrms.utility.Log.info(Log.java:8)
	at com.hrms.utility.Log.info(Log.java:8)
	at com.hrms.utility.Log.info(Log.java:8)
	at com.hrms.utility.Log.info(Log.java:8)
	at com.hrms.utility.Log.info(Log.java:8)
	at com.hrms.utility.Log.info(Log.java:8)
	at com.hrms.utility.Log.info(Log.java:8)
	at com.hrms.utility.Log.info(Log.java:8)
	at com.hrms.utility.Log.info(Log.java:8)
	at com.hrms.utility.Log.info(Log.java:8)
	at com.hrms.utility.Log.info(Log.java:8)
	at com.hrms.utility.Log.info(Log.java:8)
	at com.hrms.utility.Log.info(Log.java:8)
	at com.hrms.utility.Log.info(Log.java:8)
	at com.hrms.utility.Log.info(Log.java:8)
	at com.hrms.utility.Log.info(Log.java:8)
	at com.hrms.utility.Log.info(Log.java:8)
	at com.hrms.utility.Log.info(Log.java:8)
	at com.hrms.utility.Log.info(Log.java:8)
	at com.hrms.utility.Log.info(Log.java:8)
	at com.hrms.utility.Log.info(Log.java:8)
	at com.hrms.utility.Log.info(Log.java:8)
	at com.hrms.utility.Log.info(Log.java:8)
	at com.hrms.utility.Log.info(Log.java:8)
	at com.hrms.utility.Log.info(Log.java:8)
	at com.hrms.utility.Log.info(Log.java:8)
	at com.hrms.utility.Log.info(Log.java:8)
	at com.hrms.utility.Log.info(Log.java:8)
	at com.hrms.utility.Log.info(Log.java:8)
	at com.hrms.utility.Log.info(Log.java:8)
	at com.hrms.utility.Log.info(Log.java:8)
	at com.hrms.utility.Log.info(Log.java:8)
	at com.hrms.utility.Log.info(Log.java:8)
	at com.hrms.utility.Log.info(Log.java:8)
	at com.hrms.utility.Log.info(Log.java:8)
	at com.hrms.utility.Log.info(Log.java:8)
	at com.hrms.utility.Log.info(Log.java:8)
	at com.hrms.utility.Log.info(Log.java:8)
	at com.hrms.utility.Log.info(Log.java:8)
	at com.hrms.utility.Log.info(Log.java:8)
	at com.hrms.utility.Log.info(Log.java:8)
	at com.hrms.utility.Log.info(Log.java:8)
	at com.hrms.utility.Log.info(Log.java:8)
	at com.hrms.utility.Log.info(Log.java:8)
	at com.hrms.utility.Log.info(Log.java:8)
	at com.hrms.utility.Log.info(Log.java:8)
	at com.hrms.utility.Log.info(Log.java:8)
	at com.hrms.utility.Log.info(Log.java:8)
	at com.hrms.utility.Log.info(Log.java:8)
	at com.hrms.utility.Log.info(Log.java:8)
	at com.hrms.utility.Log.info(Log.java:8)
	at com.hrms.utility.Log.info(Log.java:8)
	at com.hrms.utility.Log.info(Log.java:8)
	at com.hrms.utility.Log.info(Log.java:8)
	at com.hrms.utility.Log.info(Log.java:8)
	at com.hrms.utility.Log.info(Log.java:8)
	at com.hrms.utility.Log.info(Log.java:8)
	at com.hrms.utility.Log.info(Log.java:8)
	at com.hrms.utility.Log.info(Log.java:8)
	at com.hrms.utility.Log.info(Log.java:8)
	at com.hrms.utility.Log.info(Log.java:8)
	at com.hrms.utility.Log.info(Log.java:8)
	at com.hrms.utility.Log.info(Log.java:8)
	at com.hrms.utility.Log.info(Log.java:8)
	at com.hrms.utility.Log.info(Log.java:8)
	at com.hrms.utility.Log.info(Log.java:8)
	at com.hrms.utility.Log.info(Log.java:8)
	at com.hrms.utility.Log.info(Log.java:8)
	at com.hrms.utility.Log.info(Log.java:8)
	at com.hrms.utility.Log.info(Log.java:8)
	at com.hrms.utility.Log.info(Log.java:8)
	at com.hrms.utility.Log.info(Log.java:8)
	at com.hrms.utility.Log.info(Log.java:8)
	at com.hrms.utility.Log.info(Log.java:8)
	at com.hrms.utility.Log.info(Log.java:8)
	at com.hrms.utility.Log.info(Log.java:8)
	at com.hrms.utility.Log.info(Log.java:8)
	at com.hrms.utility.Log.info(Log.java:8)
	at com.hrms.utility.Log.info(Log.java:8)
	at com.hrms.utility.Log.info(Log.java:8)
	at com.hrms.utility.Log.info(Log.java:8)
	at com.hrms.utility.Log.info(Log.java:8)
	at com.hrms.utility.Log.info(Log.java:8)
	at com.hrms.utility.Log.info(Log.java:8)
	at com.hrms.utility.Log.info(Log.java:8)
	at com.hrms.utility.Log.info(Log.java:8)
	at com.hrms.utility.Log.info(Log.java:8)
	at com.hrms.utility.Log.info(Log.java:8)
	at com.hrms.utility.Log.info(Log.java:8)
	at com.hrms.utility.Log.info(Log.java:8)
	at com.hrms.utility.Log.info(Log.java:8)
	at com.hrms.utility.Log.info(Log.java:8)
	at com.hrms.utility.Log.info(Log.java:8)
	at com.hrms.utility.Log.info(Log.java:8)
	at com.hrms.utility.Log.info(Log.java:8)
	at com.hrms.utility.Log.info(Log.java:8)
	at com.hrms.utility.Log.info(Log.java:8)
	at com.hrms.utility.Log.info(Log.java:8)
	at com.hrms.utility.Log.info(Log.java:8)
	at com.hrms.utility.Log.info(Log.java:8)
	at com.hrms.utility.Log.info(Log.java:8)
	at com.hrms.utility.Log.info(Log.java:8)
	at com.hrms.utility.Log.info(Log.java:8)
	at com.hrms.utility.Log.info(Log.java:8)
	at com.hrms.utility.Log.info(Log.java:8)
	at com.hrms.utility.Log.info(Log.java:8)
	at com.hrms.utility.Log.info(Log.java:8)
	at com.hrms.utility.Log.info(Log.java:8)
	at com.hrms.utility.Log.info(Log.java:8)
	at com.hrms.utility.Log.info(Log.java:8)
	at com.hrms.utility.Log.info(Log.java:8)
	at com.hrms.utility.Log.info(Log.java:8)
	at com.hrms.utility.Log.info(Log.java:8)
	at com.hrms.utility.Log.info(Log.java:8)
	at com.hrms.utility.Log.info(Log.java:8)
	at com.hrms.utility.Log.info(Log.java:8)
	at com.hrms.utility.Log.info(Log.java:8)
	at com.hrms.utility.Log.info(Log.java:8)
	at com.hrms.utility.Log.info(Log.java:8)
	at com.hrms.utility.Log.info(Log.java:8)
	at com.hrms.utility.Log.info(Log.java:8)
	at com.hrms.utility.Log.info(Log.java:8)
	at com.hrms.utility.Log.info(Log.java:8)
	at com.hrms.utility.Log.info(Log.java:8)
	at com.hrms.utility.Log.info(Log.java:8)
	at com.hrms.utility.Log.info(Log.java:8)
	at com.hrms.utility.Log.info(Log.java:8)
	at com.hrms.utility.Log.info(Log.java:8)
	at com.hrms.utility.Log.info(Log.java:8)
	at com.hrms.utility.Log.info(Log.java:8)
	at com.hrms.utility.Log.info(Log.java:8)
	at com.hrms.utility.Log.info(Log.java:8)
	at com.hrms.utility.Log.info(Log.java:8)
	at com.hrms.utility.Log.info(Log.java:8)
	at com.hrms.utility.Log.info(Log.java:8)
	at com.hrms.utility.Log.info(Log.java:8)
	at com.hrms.utility.Log.info(Log.java:8)
	at com.hrms.utility.Log.info(Log.java:8)
	at com.hrms.utility.Log.info(Log.java:8)
	at com.hrms.utility.Log.info(Log.java:8)
	at com.hrms.utility.Log.info(Log.java:8)
	at com.hrms.utility.Log.info(Log.java:8)
	at com.hrms.utility.Log.info(Log.java:8)
	at com.hrms.utility.Log.info(Log.java:8)
	at com.hrms.utility.Log.info(Log.java:8)
	at com.hrms.utility.Log.info(Log.java:8)
	at com.hrms.utility.Log.info(Log.java:8)
	at com.hrms.utility.Log.info(Log.java:8)
	at com.hrms.utility.Log.info(Log.java:8)
	at com.hrms.utility.Log.info(Log.java:8)
	at com.hrms.utility.Log.info(Log.java:8)
	at com.hrms.utility.Log.info(Log.java:8)
	at com.hrms.utility.Log.info(Log.java:8)
	at com.hrms.utility.Log.info(Log.java:8)
	at com.hrms.utility.Log.info(Log.java:8)
	at com.hrms.utility.Log.info(Log.java:8)
	at com.hrms.utility.Log.info(Log.java:8)
	at com.hrms.utility.Log.info(Log.java:8)
	at com.hrms.utility.Log.info(Log.java:8)
	at com.hrms.utility.Log.info(Log.java:8)
	at com.hrms.utility.Log.info(Log.java:8)
	at com.hrms.utility.Log.info(Log.java:8)
	at com.hrms.utility.Log.info(Log.java:8)
	at com.hrms.utility.Log.info(Log.java:8)
	at com.hrms.utility.Log.info(Log.java:8)
	at com.hrms.utility.Log.info(Log.java:8)
	at com.hrms.utility.Log.info(Log.java:8)
	at com.hrms.utility.Log.info(Log.java:8)
	at com.hrms.utility.Log.info(Log.java:8)
	at com.hrms.utility.Log.info(Log.java:8)
	at com.hrms.utility.Log.info(Log.java:8)
	at com.hrms.utility.Log.info(Log.java:8)
	at com.hrms.utility.Log.info(Log.java:8)
	at com.hrms.utility.Log.info(Log.java:8)
	at com.hrms.utility.Log.info(Log.java:8)
	at com.hrms.utility.Log.info(Log.java:8)
	at com.hrms.utility.Log.info(Log.java:8)
	at com.hrms.utility.Log.info(Log.java:8)
	at com.hrms.utility.Log.info(Log.java:8)
	at com.hrms.utility.Log.info(Log.java:8)
	at com.hrms.utility.Log.info(Log.java:8)
	at com.hrms.utility.Log.info(Log.java:8)
	at com.hrms.utility.Log.info(Log.java:8)
	at com.hrms.utility.Log.info(Log.java:8)
	at com.hrms.utility.Log.info(Log.java:8)
	at com.hrms.utility.Log.info(Log.java:8)
	at com.hrms.utility.Log.info(Log.java:8)
	at com.hrms.utility.Log.info(Log.java:8)
	at com.hrms.utility.Log.info(Log.java:8)
	at com.hrms.utility.Log.info(Log.java:8)
	at com.hrms.utility.Log.info(Log.java:8)
	at com.hrms.utility.Log.info(Log.java:8)
	at com.hrms.utility.Log.info(Log.java:8)
	at com.hrms.utility.Log.info(Log.java:8)
	at com.hrms.utility.Log.info(Log.java:8)
	at com.hrms.utility.Log.info(Log.java:8)
	at com.hrms.utility.Log.info(Log.java:8)
	at com.hrms.utility.Log.info(Log.java:8)
	at com.hrms.utility.Log.info(Log.java:8)
	at com.hrms.utility.Log.info(Log.java:8)
	at com.hrms.utility.Log.info(Log.java:8)
	at com.hrms.utility.Log.info(Log.java:8)
	at com.hrms.utility.Log.info(Log.java:8)
	at com.hrms.utility.Log.info(Log.java:8)
	at com.hrms.utility.Log.info(Log.java:8)
	at com.hrms.utility.Log.info(Log.java:8)
	at com.hrms.utility.Log.info(Log.java:8)
	at com.hrms.utility.Log.info(Log.java:8)
	at com.hrms.utility.Log.info(Log.java:8)
	at com.hrms.utility.Log.info(Log.java:8)
	at com.hrms.utility.Log.info(Log.java:8)
	at com.hrms.utility.Log.info(Log.java:8)
	at com.hrms.utility.Log.info(Log.java:8)
	at com.hrms.utility.Log.info(Log.java:8)
	at com.hrms.utility.Log.info(Log.java:8)
	at com.hrms.utility.Log.info(Log.java:8)
	at com.hrms.utility.Log.info(Log.java:8)
	at com.hrms.utility.Log.info(Log.java:8)
	at com.hrms.utility.Log.info(Log.java:8)
	at com.hrms.utility.Log.info(Log.java:8)
	at com.hrms.utility.Log.info(Log.java:8)
	at com.hrms.utility.Log.info(Log.java:8)
	at com.hrms.utility.Log.info(Log.java:8)
	at com.hrms.utility.Log.info(Log.java:8)
	at com.hrms.utility.Log.info(Log.java:8)
	at com.hrms.utility.Log.info(Log.java:8)
	at com.hrms.utility.Log.info(Log.java:8)
	at com.hrms.utility.Log.info(Log.java:8)
	at com.hrms.utility.Log.info(Log.java:8)
	at com.hrms.utility.Log.info(Log.java:8)
	at com.hrms.utility.Log.info(Log.java:8)
	at com.hrms.utility.Log.info(Log.java:8)
	at com.hrms.utility.Log.info(Log.java:8)
	at com.hrms.utility.Log.info(Log.java:8)
	at com.hrms.utility.Log.info(Log.java:8)
	at com.hrms.utility.Log.info(Log.java:8)
	at com.hrms.utility.Log.info(Log.java:8)
	at com.hrms.utility.Log.info(Log.java:8)
	at com.hrms.utility.Log.info(Log.java:8)
	at com.hrms.utility.Log.info(Log.java:8)
	at com.hrms.utility.Log.info(Log.java:8)
	at com.hrms.utility.Log.info(Log.java:8)
	at com.hrms.utility.Log.info(Log.java:8)
	at com.hrms.utility.Log.info(Log.java:8)
	at com.hrms.utility.Log.info(Log.java:8)
	at com.hrms.utility.Log.info(Log.java:8)
	at com.hrms.utility.Log.info(Log.java:8)
	at com.hrms.utility.Log.info(Log.java:8)
	at com.hrms.utility.Log.info(Log.java:8)
	at com.hrms.utility.Log.info(Log.java:8)
	at com.hrms.utility.Log.info(Log.java:8)
	at com.hrms.utility.Log.info(Log.java:8)
	at com.hrms.utility.Log.info(Log.java:8)
	at com.hrms.utility.Log.info(Log.java:8)
	at com.hrms.utility.Log.info(Log.java:8)
	at com.hrms.utility.Log.info(Log.java:8)
	at com.hrms.utility.Log.info(Log.java:8)
	at com.hrms.utility.Log.info(Log.java:8)
	at com.hrms.utility.Log.info(Log.java:8)
	at com.hrms.utility.Log.info(Log.java:8)
	at com.hrms.utility.Log.info(Log.java:8)
	at com.hrms.utility.Log.info(Log.java:8)
	at com.hrms.utility.Log.info(Log.java:8)
	at com.hrms.utility.Log.info(Log.java:8)
	at com.hrms.utility.Log.info(Log.java:8)
	at com.hrms.utility.Log.info(Log.java:8)
	at com.hrms.utility.Log.info(Log.java:8)
	at com.hrms.utility.Log.info(Log.java:8)
	at com.hrms.utility.Log.info(Log.java:8)
	at com.hrms.utility.Log.info(Log.java:8)
	at com.hrms.utility.Log.info(Log.java:8)
	at com.hrms.utility.Log.info(Log.java:8)
	at com.hrms.utility.Log.info(Log.java:8)
	at com.hrms.utility.Log.info(Log.java:8)
	at com.hrms.utility.Log.info(Log.java:8)
	at com.hrms.utility.Log.info(Log.java:8)
	at com.hrms.utility.Log.info(Log.java:8)
	at com.hrms.utility.Log.info(Log.java:8)
	at com.hrms.utility.Log.info(Log.java:8)
	at com.hrms.utility.Log.info(Log.java:8)
	at com.hrms.utility.Log.info(Log.java:8)
	at com.hrms.utility.Log.info(Log.java:8)
	at com.hrms.utility.Log.info(Log.java:8)
	at com.hrms.utility.Log.info(Log.java:8)
	at com.hrms.utility.Log.info(Log.java:8)
	at com.hrms.utility.Log.info(Log.java:8)
	at com.hrms.utility.Log.info(Log.java:8)
	at com.hrms.utility.Log.info(Log.java:8)
	at com.hrms.utility.Log.info(Log.java:8)
	at com.hrms.utility.Log.info(Log.java:8)
	at com.hrms.utility.Log.info(Log.java:8)
	at com.hrms.utility.Log.info(Log.java:8)
	at com.hrms.utility.Log.info(Log.java:8)
	at com.hrms.utility.Log.info(Log.java:8)
	at com.hrms.utility.Log.info(Log.java:8)
	at com.hrms.utility.Log.info(Log.java:8)
	at com.hrms.utility.Log.info(Log.java:8)
	at com.hrms.utility.Log.info(Log.java:8)
	at com.hrms.utility.Log.info(Log.java:8)
	at com.hrms.utility.Log.info(Log.java:8)
	at com.hrms.utility.Log.info(Log.java:8)
	at com.hrms.utility.Log.info(Log.java:8)
	at com.hrms.utility.Log.info(Log.java:8)
	at com.hrms.utility.Log.info(Log.java:8)
	at com.hrms.utility.Log.info(Log.java:8)
	at com.hrms.utility.Log.info(Log.java:8)
	at com.hrms.utility.Log.info(Log.java:8)
	at com.hrms.utility.Log.info(Log.java:8)
	at com.hrms.utility.Log.info(Log.java:8)
	at com.hrms.utility.Log.info(Log.java:8)
	at com.hrms.utility.Log.info(Log.java:8)
	at com.hrms.utility.Log.info(Log.java:8)
	at com.hrms.utility.Log.info(Log.java:8)
	at com.hrms.utility.Log.info(Log.java:8)
	at com.hrms.utility.Log.info(Log.java:8)
	at com.hrms.utility.Log.info(Log.java:8)
	at com.hrms.utility.Log.info(Log.java:8)
	at com.hrms.utility.Log.info(Log.java:8)
	at com.hrms.utility.Log.info(Log.java:8)
	at com.hrms.utility.Log.info(Log.java:8)
	at com.hrms.utility.Log.info(Log.java:8)
	at com.hrms.utility.Log.info(Log.java:8)
	at com.hrms.utility.Log.info(Log.java:8)
	at com.hrms.utility.Log.info(Log.java:8)
	at com.hrms.utility.Log.info(Log.java:8)
	at com.hrms.utility.Log.info(Log.java:8)
	at com.hrms.utility.Log.info(Log.java:8)
	at com.hrms.utility.Log.info(Log.java:8)
	at com.hrms.utility.Log.info(Log.java:8)
	at com.hrms.utility.Log.info(Log.java:8)
	at com.hrms.utility.Log.info(Log.java:8)
	at com.hrms.utility.Log.info(Log.java:8)
	at com.hrms.utility.Log.info(Log.java:8)
	at com.hrms.utility.Log.info(Log.java:8)
	at com.hrms.utility.Log.info(Log.java:8)
	at com.hrms.utility.Log.info(Log.java:8)
	at com.hrms.utility.Log.info(Log.java:8)
	at com.hrms.utility.Log.info(Log.java:8)
	at com.hrms.utility.Log.info(Log.java:8)
	at com.hrms.utility.Log.info(Log.java:8)
	at com.hrms.utility.Log.info(Log.java:8)
	at com.hrms.utility.Log.info(Log.java:8)
	at com.hrms.utility.Log.info(Log.java:8)
	at com.hrms.utility.Log.info(Log.java:8)
	at com.hrms.utility.Log.info(Log.java:8)
	at com.hrms.utility.Log.info(Log.java:8)
	at com.hrms.utility.Log.info(Log.java:8)
	at com.hrms.utility.Log.info(Log.java:8)
	at com.hrms.utility.Log.info(Log.java:8)
	at com.hrms.utility.Log.info(Log.java:8)
	at com.hrms.utility.Log.info(Log.java:8)
	at com.hrms.utility.Log.info(Log.java:8)
	at com.hrms.utility.Log.info(Log.java:8)
	at com.hrms.utility.Log.info(Log.java:8)
	at com.hrms.utility.Log.info(Log.java:8)
	at com.hrms.utility.Log.info(Log.java:8)
	at com.hrms.utility.Log.info(Log.java:8)
	at com.hrms.utility.Log.info(Log.java:8)
	at com.hrms.utility.Log.info(Log.java:8)
	at com.hrms.utility.Log.info(Log.java:8)
	at com.hrms.utility.Log.info(Log.java:8)
	at com.hrms.utility.Log.info(Log.java:8)
	at com.hrms.utility.Log.info(Log.java:8)
	at com.hrms.utility.Log.info(Log.java:8)
	at com.hrms.utility.Log.info(Log.java:8)
	at com.hrms.utility.Log.info(Log.java:8)
	at com.hrms.utility.Log.info(Log.java:8)
	at com.hrms.utility.Log.info(Log.java:8)
	at com.hrms.utility.Log.info(Log.java:8)
	at com.hrms.utility.Log.info(Log.java:8)
	at com.hrms.utility.Log.info(Log.java:8)
	at com.hrms.utility.Log.info(Log.java:8)
	at com.hrms.utility.Log.info(Log.java:8)
	at com.hrms.utility.Log.info(Log.java:8)
	at com.hrms.utility.Log.info(Log.java:8)
	at com.hrms.utility.Log.info(Log.java:8)
	at com.hrms.utility.Log.info(Log.java:8)
	at com.hrms.utility.Log.info(Log.java:8)
	at com.hrms.utility.Log.info(Log.java:8)
	at com.hrms.utility.Log.info(Log.java:8)
	at com.hrms.utility.Log.info(Log.java:8)
	at com.hrms.utility.Log.info(Log.java:8)
	at com.hrms.utility.Log.info(Log.java:8)
	at com.hrms.utility.Log.info(Log.java:8)
	at com.hrms.utility.Log.info(Log.java:8)
	at com.hrms.utility.Log.info(Log.java:8)
	at com.hrms.utility.Log.info(Log.java:8)
	at com.hrms.utility.Log.info(Log.java:8)
	at com.hrms.utility.Log.info(Log.java:8)
	at com.hrms.utility.Log.info(Log.java:8)
	at com.hrms.utility.Log.info(Log.java:8)
	at com.hrms.utility.Log.info(Log.java:8)
	at com.hrms.utility.Log.info(Log.java:8)
	at com.hrms.utility.Log.info(Log.java:8)
	at com.hrms.utility.Log.info(Log.java:8)
	at com.hrms.utility.Log.info(Log.java:8)
	at com.hrms.utility.Log.info(Log.java:8)
	at com.hrms.utility.Log.info(Log.java:8)
	at com.hrms.utility.Log.info(Log.java:8)
	at com.hrms.utility.Log.info(Log.java:8)
	at com.hrms.utility.Log.info(Log.java:8)
	at com.hrms.utility.Log.info(Log.java:8)
	at com.hrms.utility.Log.info(Log.java:8)
	at com.hrms.utility.Log.info(Log.java:8)
	at com.hrms.utility.Log.info(Log.java:8)
	at com.hrms.utility.Log.info(Log.java:8)
	at com.hrms.utility.Log.info(Log.java:8)
	at com.hrms.utility.Log.info(Log.java:8)
	at com.hrms.utility.Log.info(Log.java:8)
	at com.hrms.utility.Log.info(Log.java:8)
	at com.hrms.utility.Log.info(Log.java:8)
	at com.hrms.utility.Log.info(Log.java:8)
	at com.hrms.utility.Log.info(Log.java:8)
	at com.hrms.utility.Log.info(Log.java:8)
	at com.hrms.utility.Log.info(Log.java:8)
	at com.hrms.utility.Log.info(Log.java:8)
	at com.hrms.utility.Log.info(Log.java:8)
	at com.hrms.utility.Log.info(Log.java:8)
	at com.hrms.utility.Log.info(Log.java:8)
	at com.hrms.utility.Log.info(Log.java:8)
	at com.hrms.utility.Log.info(Log.java:8)
	at com.hrms.utility.Log.info(Log.java:8)
	at com.hrms.utility.Log.info(Log.java:8)
	at com.hrms.utility.Log.info(Log.java:8)
	at com.hrms.utility.Log.info(Log.java:8)
	at com.hrms.utility.Log.info(Log.java:8)
	at com.hrms.utility.Log.info(Log.java:8)
	at com.hrms.utility.Log.info(Log.java:8)
	at com.hrms.utility.Log.info(Log.java:8)
	at com.hrms.utility.Log.info(Log.java:8)
	at com.hrms.utility.Log.info(Log.java:8)
	at com.hrms.utility.Log.info(Log.java:8)
	at com.hrms.utility.Log.info(Log.java:8)
	at com.hrms.utility.Log.info(Log.java:8)
	at com.hrms.utility.Log.info(Log.java:8)
	at com.hrms.utility.Log.info(Log.java:8)
	at com.hrms.utility.Log.info(Log.java:8)
	at com.hrms.utility.Log.info(Log.java:8)
	at com.hrms.utility.Log.info(Log.java:8)
	at com.hrms.utility.Log.info(Log.java:8)
	at com.hrms.utility.Log.info(Log.java:8)
	at com.hrms.utility.Log.info(Log.java:8)
	at com.hrms.utility.Log.info(Log.java:8)
	at com.hrms.utility.Log.info(Log.java:8)
	at com.hrms.utility.Log.info(Log.java:8)
	at com.hrms.utility.Log.info(Log.java:8)
	at com.hrms.utility.Log.info(Log.java:8)
	at com.hrms.utility.Log.info(Log.java:8)
	at com.hrms.utility.Log.info(Log.java:8)
	at com.hrms.utility.Log.info(Log.java:8)
	at com.hrms.utility.Log.info(Log.java:8)
	at com.hrms.utility.Log.info(Log.java:8)
	at com.hrms.utility.Log.info(Log.java:8)
	at com.hrms.utility.Log.info(Log.java:8)
	at com.hrms.utility.Log.info(Log.java:8)
	at com.hrms.utility.Log.info(Log.java:8)
	at com.hrms.utility.Log.info(Log.java:8)
	at com.hrms.utility.Log.info(Log.java:8)
	at com.hrms.utility.Log.info(Log.java:8)
	at com.hrms.utility.Log.info(Log.java:8)
	at com.hrms.utility.Log.info(Log.java:8)
	at com.hrms.utility.Log.info(Log.java:8)
	at com.hrms.utility.Log.info(Log.java:8)
	at com.hrms.utility.Log.info(Log.java:8)
	at com.hrms.utility.Log.info(Log.java:8)
	at com.hrms.utility.Log.info(Log.java:8)
	at com.hrms.utility.Log.info(Log.java:8)
	at com.hrms.utility.Log.info(Log.java:8)
	at com.hrms.utility.Log.info(Log.java:8)
	at com.hrms.utility.Log.info(Log.java:8)
	at com.hrms.utility.Log.info(Log.java:8)
	at com.hrms.utility.Log.info(Log.java:8)
	at com.hrms.utility.Log.info(Log.java:8)
	at com.hrms.utility.Log.info(Log.java:8)
	at com.hrms.utility.Log.info(Log.java:8)
	at com.hrms.utility.Log.info(Log.java:8)
	at com.hrms.utility.Log.info(Log.java:8)
	at com.hrms.utility.Log.info(Log.java:8)
	at com.hrms.utility.Log.info(Log.java:8)
	at com.hrms.utility.Log.info(Log.java:8)
	at com.hrms.utility.Log.info(Log.java:8)
	at com.hrms.utility.Log.info(Log.java:8)
	at com.hrms.utility.Log.info(Log.java:8)
	at com.hrms.utility.Log.info(Log.java:8)
	at com.hrms.utility.Log.info(Log.java:8)
	at com.hrms.utility.Log.info(Log.java:8)
	at com.hrms.utility.Log.info(Log.java:8)
	at com.hrms.utility.Log.info(Log.java:8)
	at com.hrms.utility.Log.info(Log.java:8)
	at com.hrms.utility.Log.info(Log.java:8)
	at com.hrms.utility.Log.info(Log.java:8)
	at com.hrms.utility.Log.info(Log.java:8)
	at com.hrms.utility.Log.info(Log.java:8)
	at com.hrms.utility.Log.info(Log.java:8)
	at com.hrms.utility.Log.info(Log.java:8)
	at com.hrms.utility.Log.info(Log.java:8)
	at com.hrms.utility.Log.info(Log.java:8)
	at com.hrms.utility.Log.info(Log.java:8)
	at com.hrms.utility.Log.info(Log.java:8)
	at com.hrms.utility.Log.info(Log.java:8)
	at com.hrms.utility.Log.info(Log.java:8)
	at com.hrms.utility.Log.info(Log.java:8)
	at com.hrms.utility.Log.info(Log.java:8)
	at com.hrms.utility.Log.info(Log.java:8)
	at com.hrms.utility.Log.info(Log.java:8)
	at com.hrms.utility.Log.info(Log.java:8)
	at com.hrms.utility.Log.info(Log.java:8)
	at com.hrms.utility.Log.info(Log.java:8)
	at com.hrms.utility.Log.info(Log.java:8)
	at com.hrms.utility.Log.info(Log.java:8)
	at com.hrms.utility.Log.info(Log.java:8)
	at com.hrms.utility.Log.info(Log.java:8)
	at com.hrms.utility.Log.info(Log.java:8)
	at com.hrms.utility.Log.info(Log.java:8)
	at com.hrms.utility.Log.info(Log.java:8)
	at com.hrms.utility.Log.info(Log.java:8)
	at com.hrms.utility.Log.info(Log.java:8)
	at com.hrms.utility.Log.info(Log.java:8)
	at com.hrms.utility.Log.info(Log.java:8)
	at com.hrms.utility.Log.info(Log.java:8)
	at com.hrms.utility.Log.info(Log.java:8)
	at com.hrms.utility.Log.info(Log.java:8)
	at com.hrms.utility.Log.info(Log.java:8)
	at com.hrms.utility.Log.info(Log.java:8)
	at com.hrms.utility.Log.info(Log.java:8)
	at com.hrms.utility.Log.info(Log.java:8)
	at com.hrms.utility.Log.info(Log.java:8)
	at com.hrms.utility.Log.info(Log.java:8)
	at com.hrms.utility.Log.info(Log.java:8)
	at com.hrms.utility.Log.info(Log.java:8)
	at com.hrms.utility.Log.info(Log.java:8)
	at com.hrms.utility.Log.info(Log.java:8)
	at com.hrms.utility.Log.info(Log.java:8)
	at com.hrms.utility.Log.info(Log.java:8)
	at com.hrms.utility.Log.info(Log.java:8)
	at com.hrms.utility.Log.info(Log.java:8)
	at com.hrms.utility.Log.info(Log.java:8)
	at com.hrms.utility.Log.info(Log.java:8)
	at com.hrms.utility.Log.info(Log.java:8)
	at com.hrms.utility.Log.info(Log.java:8)
	at com.hrms.utility.Log.info(Log.java:8)
	at com.hrms.utility.Log.info(Log.java:8)
	at com.hrms.utility.Log.info(Log.java:8)
	at com.hrms.utility.Log.info(Log.java:8)
	at com.hrms.utility.Log.info(Log.java:8)
	at com.hrms.utility.Log.info(Log.java:8)
	at com.hrms.utility.Log.info(Log.java:8)
	at com.hrms.utility.Log.info(Log.java:8)
	at com.hrms.utility.Log.info(Log.java:8)
	at com.hrms.utility.Log.info(Log.java:8)
	at com.hrms.utility.Log.info(Log.java:8)
	at com.hrms.utility.Log.info(Log.java:8)
	at com.hrms.utility.Log.info(Log.java:8)
	at com.hrms.utility.Log.info(Log.java:8)
	at com.hrms.utility.Log.info(Log.java:8)
	at com.hrms.utility.Log.info(Log.java:8)
	at com.hrms.utility.Log.info(Log.java:8)
	at com.hrms.utility.Log.info(Log.java:8)
	at com.hrms.utility.Log.info(Log.java:8)
	at com.hrms.utility.Log.info(Log.java:8)
	at com.hrms.utility.Log.info(Log.java:8)
	at com.hrms.utility.Log.info(Log.java:8)
	at com.hrms.utility.Log.info(Log.java:8)
	at com.hrms.utility.Log.info(Log.java:8)
	at com.hrms.utility.Log.info(Log.java:8)
	at com.hrms.utility.Log.info(Log.java:8)
	at com.hrms.utility.Log.info(Log.java:8)
	at com.hrms.utility.Log.info(Log.java:8)
	at com.hrms.utility.Log.info(Log.java:8)
	at com.hrms.utility.Log.info(Log.java:8)
	at com.hrms.utility.Log.info(Log.java:8)
	at com.hrms.utility.Log.info(Log.java:8)
	at com.hrms.utility.Log.info(Log.java:8)
	at com.hrms.utility.Log.info(Log.java:8)
	at com.hrms.utility.Log.info(Log.java:8)
	at com.hrms.utility.Log.info(Log.java:8)
	at com.hrms.utility.Log.info(Log.java:8)
	at com.hrms.utility.Log.info(Log.java:8)
	at com.hrms.utility.Log.info(Log.java:8)
	at com.hrms.utility.Log.info(Log.java:8)
	at com.hrms.utility.Log.info(Log.java:8)
	at com.hrms.utility.Log.info(Log.java:8)
	at com.hrms.utility.Log.info(Log.java:8)
	at com.hrms.utility.Log.info(Log.java:8)
	at com.hrms.utility.Log.info(Log.java:8)
	at com.hrms.utility.Log.info(Log.java:8)
	at com.hrms.utility.Log.info(Log.java:8)
	at com.hrms.utility.Log.info(Log.java:8)
	at com.hrms.utility.Log.info(Log.java:8)
	at com.hrms.utility.Log.info(Log.java:8)
	at com.hrms.utility.Log.info(Log.java:8)
	at com.hrms.utility.Log.info(Log.java:8)
	at com.hrms.utility.Log.info(Log.java:8)
	at com.hrms.utility.Log.info(Log.java:8)
	at com.hrms.utility.Log.info(Log.java:8)
	at com.hrms.utility.Log.info(Log.java:8)
	at com.hrms.utility.Log.info(Log.java:8)
	at com.hrms.utility.Log.info(Log.java:8)
	at com.hrms.utility.Log.info(Log.java:8)
	at com.hrms.utility.Log.info(Log.java:8)
	at com.hrms.utility.Log.info(Log.java:8)
	at com.hrms.utility.Log.info(Log.java:8)
	at com.hrms.utility.Log.info(Log.java:8)
	at com.hrms.utility.Log.info(Log.java:8)
	at com.hrms.utility.Log.info(Log.java:8)
	at com.hrms.utility.Log.info(Log.java:8)
	at com.hrms.utility.Log.info(Log.java:8)
	at com.hrms.utility.Log.info(Log.java:8)
	at com.hrms.utility.Log.info(Log.java:8)
	at com.hrms.utility.Log.info(Log.java:8)
	at com.hrms.utility.Log.info(Log.java:8)
	at com.hrms.utility.Log.info(Log.java:8)
	at com.hrms.utility.Log.info(Log.java:8)
	at com.hrms.utility.Log.info(Log.java:8)
	at com.hrms.utility.Log.info(Log.java:8)
	at com.hrms.utility.Log.info(Log.java:8)
	at com.hrms.utility.Log.info(Log.java:8)
	at com.hrms.utility.Log.info(Log.java:8)
	at com.hrms.utility.Log.info(Log.java:8)
	at com.hrms.utility.Log.info(Log.java:8)
	at com.hrms.utility.Log.info(Log.java:8)
	at com.hrms.utility.Log.info(Log.java:8)
	at com.hrms.utility.Log.info(Log.java:8)
	at com.hrms.utility.Log.info(Log.java:8)
	at com.hrms.utility.Log.info(Log.java:8)
	at com.hrms.utility.Log.info(Log.java:8)
	at com.hrms.utility.Log.info(Log.java:8)
	at com.hrms.utility.Log.info(Log.java:8)
	at com.hrms.utility.Log.info(Log.java:8)
	at com.hrms.utility.Log.info(Log.java:8)
	at com.hrms.utility.Log.info(Log.java:8)
	at com.hrms.utility.Log.info(Log.java:8)
	at com.hrms.utility.Log.info(Log.java:8)
	at com.hrms.utility.Log.info(Log.java:8)
	at com.hrms.utility.Log.info(Log.java:8)
	at com.hrms.utility.Log.info(Log.java:8)
	at com.hrms.utility.Log.info(Log.java:8)
	at com.hrms.utility.Log.info(Log.java:8)
	at com.hrms.utility.Log.info(Log.java:8)
	at com.hrms.utility.Log.info(Log.java:8)
	at com.hrms.utility.Log.info(Log.java:8)
	at com.hrms.utility.Log.info(Log.java:8)
	at com.hrms.utility.Log.info(Log.java:8)
	at com.hrms.utility.Log.info(Log.java:8)
	at com.hrms.utility.Log.info(Log.java:8)
	at com.hrms.utility.Log.info(Log.java:8)
	at com.hrms.utility.Log.info(Log.java:8)
	at com.hrms.utility.Log.info(Log.java:8)
	at com.hrms.utility.Log.info(Log.java:8)
	at com.hrms.utility.Log.info(Log.java:8)
	at com.hrms.utility.Log.info(Log.java:8)
	at com.hrms.utility.Log.info(Log.java:8)
	at com.hrms.utility.Log.info(Log.java:8)
	at com.hrms.utility.Log.info(Log.java:8)
	at com.hrms.utility.Log.info(Log.java:8)
	at com.hrms.utility.Log.info(Log.java:8)
	at com.hrms.utility.Log.info(Log.java:8)
	at com.hrms.utility.Log.info(Log.java:8)
	at com.hrms.utility.Log.info(Log.java:8)
	at com.hrms.utility.Log.info(Log.java:8)
	at com.hrms.utility.Log.info(Log.java:8)
	at com.hrms.utility.Log.info(Log.java:8)
	at com.hrms.utility.Log.info(Log.java:8)
	at com.hrms.utility.Log.info(Log.java:8)
	at com.hrms.utility.Log.info(Log.java:8)
	at com.hrms.utility.Log.info(Log.java:8)
	at com.hrms.utility.Log.info(Log.java:8)
	at com.hrms.utility.Log.info(Log.java:8)
	at com.hrms.utility.Log.info(Log.java:8)
	at com.hrms.utility.Log.info(Log.java:8)
	at com.hrms.utility.Log.info(Log.java:8)
	at com.hrms.utility.Log.info(Log.java:8)
	at com.hrms.utility.Log.info(Log.java:8)
	at com.hrms.utility.Log.info(Log.java:8)
	at com.hrms.utility.Log.info(Log.java:8)
	at com.hrms.utility.Log.info(Log.java:8)
	at com.hrms.utility.Log.info(Log.java:8)
	at com.hrms.utility.Log.info(Log.java:8)
	at com.hrms.utility.Log.info(Log.java:8)
	at com.hrms.utility.Log.info(Log.java:8)
	at com.hrms.utility.Log.info(Log.java:8)
	at com.hrms.utility.Log.info(Log.java:8)
	at com.hrms.utility.Log.info(Log.java:8)
	at com.hrms.utility.Log.info(Log.java:8)
	at com.hrms.utility.Log.info(Log.java:8)
	at com.hrms.utility.Log.info(Log.java:8)
	at com.hrms.utility.Log.info(Log.java:8)
	at com.hrms.utility.Log.info(Log.java:8)
	at com.hrms.utility.Log.info(Log.java:8)
	at com.hrms.utility.Log.info(Log.java:8)
	at com.hrms.utility.Log.info(Log.java:8)
	at com.hrms.utility.Log.info(Log.java:8)
	at com.hrms.utility.Log.info(Log.java:8)
	at com.hrms.utility.Log.info(Log.java:8)
	at com.hrms.utility.Log.info(Log.java:8)
	at com.hrms.utility.Log.info(Log.java:8)
	at com.hrms.utility.Log.info(Log.java:8)
	at com.hrms.utility.Log.info(Log.java:8)
	at com.hrms.utility.Log.info(Log.java:8)
	at com.hrms.utility.Log.info(Log.java:8)
	at com.hrms.utility.Log.info(Log.java:8)
	at com.hrms.utility.Log.info(Log.java:8)
	at com.hrms.utility.Log.info(Log.java:8)
	at com.hrms.utility.Log.info(Log.java:8)
	at com.hrms.utility.Log.info(Log.java:8)
	at com.hrms.utility.Log.info(Log.java:8)
	at com.hrms.utility.Log.info(Log.java:8)
	at com.hrms.utility.Log.info(Log.java:8)
	at com.hrms.utility.Log.info(Log.java:8)
	at com.hrms.utility.Log.info(Log.java:8)
	at com.hrms.utility.Log.info(Log.java:8)
	at com.hrms.utility.Log.info(Log.java:8)
	at com.hrms.utility.Log.info(Log.java:8)
	at com.hrms.utility.Log.info(Log.java:8)
	at com.hrms.utility.Log.info(Log.java:8)
	at com.hrms.utility.Log.info(Log.java:8)
	at com.hrms.utility.Log.info(Log.java:8)
	at com.hrms.utility.Log.info(Log.java:8)
	at com.hrms.utility.Log.info(Log.java:8)
	at com.hrms.utility.Log.info(Log.java:8)
	at com.hrms.utility.Log.info(Log.java:8)
	at com.hrms.utility.Log.info(Log.java:8)
	at com.hrms.utility.Log.info(Log.java:8)
	at com.hrms.utility.Log.info(Log.java:8)
	at com.hrms.utility.Log.info(Log.java:8)
	at com.hrms.utility.Log.info(Log.java:8)
	at com.hrms.utility.Log.info(Log.java:8)
	at com.hrms.utility.Log.info(Log.java:8)
	at com.hrms.utility.Log.info(Log.java:8)
	at com.hrms.utility.Log.info(Log.java:8)
	at com.hrms.utility.Log.info(Log.java:8)
	at com.hrms.utility.Log.info(Log.java:8)
	at com.hrms.utility.Log.info(Log.java:8)
	at com.hrms.utility.Log.info(Log.java:8)
	at com.hrms.utility.Log.info(Log.java:8)
	at com.hrms.utility.Log.info(Log.java:8)
	at com.hrms.utility.Log.info(Log.java:8)
	at com.hrms.utility.Log.info(Log.java:8)
	at com.hrms.utility.Log.info(Log.java:8)
	at com.hrms.utility.Log.info(Log.java:8)
	at com.hrms.utility.Log.info(Log.java:8)
	at com.hrms.utility.Log.info(Log.java:8)
	at com.hrms.utility.Log.info(Log.java:8)
	at com.hrms.utility.Log.info(Log.java:8)
	at com.hrms.utility.Log.info(Log.java:8)
	at com.hrms.utility.Log.info(Log.java:8)
	at com.hrms.utility.Log.info(Log.java:8)
	at com.hrms.utility.Log.info(Log.java:8)
	at com.hrms.utility.Log.info(Log.java:8)
	at com.hrms.utility.Log.info(Log.java:8)
	at com.hrms.utility.Log.info(Log.java:8)
	at com.hrms.utility.Log.info(Log.java:8)
	at com.hrms.utility.Log.info(Log.java:8)
	at com.hrms.utility.Log.info(Log.java:8)
	at com.hrms.utility.Log.info(Log.java:8)
	at com.hrms.utility.Log.info(Log.java:8)
	at com.hrms.utility.Log.info(Log.java:8)
	at com.hrms.utility.Log.info(Log.java:8)
	at com.hrms.utility.Log.info(Log.java:8)
	at com.hrms.utility.Log.info(Log.java:8)
	at com.hrms.utility.Log.info(Log.java:8)
	at com.hrms.utility.Log.info(Log.java:8)
	at com.hrms.utility.Log.info(Log.java:8)
	at com.hrms.utility.Log.info(Log.java:8)
	at com.hrms.utility.Log.info(Log.java:8)
	at com.hrms.utility.Log.info(Log.java:8)
	at com.hrms.utility.Log.info(Log.java:8)
	at com.hrms.utility.Log.info(Log.java:8)
	at com.hrms.utility.Log.info(Log.java:8)
	at com.hrms.utility.Log.info(Log.java:8)
	at com.hrms.utility.Log.info(Log.java:8)
	at com.hrms.utility.Log.info(Log.java:8)
	at com.hrms.utility.Log.info(Log.java:8)
	at com.hrms.utility.Log.info(Log.java:8)
	at com.hrms.utility.Log.info(Log.java:8)
	at com.hrms.utility.Log.info(Log.java:8)
	at com.hrms.utility.Log.info(Log.java:8)
	at com.hrms.utility.Log.info(Log.java:8)
	at com.hrms.utility.Log.info(Log.java:8)
	at com.hrms.utility.Log.info(Log.java:8)
	at com.hrms.utility.Log.info(Log.java:8)
	at com.hrms.utility.Log.info(Log.java:8)
	at com.hrms.utility.Log.info(Log.java:8)
	at com.hrms.utility.Log.info(Log.java:8)
	at com.hrms.utility.Log.info(Log.java:8)
	at com.hrms.utility.Log.info(Log.java:8)
	at com.hrms.utility.Log.info(Log.java:8)
	at com.hrms.utility.Log.info(Log.java:8)
	at com.hrms.utility.Log.info(Log.java:8)
	at com.hrms.utility.Log.info(Log.java:8)
	at com.hrms.utility.Log.info(Log.java:8)
	at com.hrms.utility.Log.info(Log.java:8)
	at com.hrms.utility.Log.info(Log.java:8)
	at com.hrms.utility.Log.info(Log.java:8)
	at com.hrms.utility.Log.info(Log.java:8)
	at com.hrms.utility.Log.info(Log.java:8)
	at com.hrms.utility.Log.info(Log.java:8)
	at com.hrms.utility.Log.info(Log.java:8)
	at com.hrms.utility.Log.info(Log.java:8)
	at com.hrms.utility.Log.info(Log.java:8)
	at com.hrms.utility.Log.info(Log.java:8)
	at com.hrms.utility.Log.info(Log.java:8)
	at com.hrms.utility.Log.info(Log.java:8)
	at com.hrms.utility.Log.info(Log.java:8)
	at com.hrms.utility.Log.info(Log.java:8)
	at com.hrms.utility.Log.info(Log.java:8)
	at com.hrms.utility.Log.info(Log.java:8)
	at com.hrms.utility.Log.info(Log.java:8)
	at com.hrms.utility.Log.info(Log.java:8)
	at com.hrms.utility.Log.info(Log.java:8)
	at com.hrms.utility.Log.info(Log.java:8)
	at com.hrms.utility.Log.info(Log.java:8)
	at com.hrms.utility.Log.info(Log.java:8)
	at com.hrms.utility.Log.info(Log.java:8)
	at com.hrms.utility.Log.info(Log.java:8)
	at com.hrms.utility.Log.info(Log.java:8)
	at com.hrms.utility.Log.info(Log.java:8)
	at com.hrms.utility.Log.info(Log.java:8)
	at com.hrms.utility.Log.info(Log.java:8)
	at com.hrms.utility.Log.info(Log.java:8)
	at com.hrms.utility.Log.info(Log.java:8)
	at com.hrms.utility.Log.info(Log.java:8)
	at com.hrms.utility.Log.info(Log.java:8)
	at com.hrms.utility.Log.info(Log.java:8)
	at com.hrms.utility.Log.info(Log.java:8)
	at com.hrms.utility.Log.info(Log.java:8)
	at com.hrms.utility.Log.info(Log.java:8)
	at com.hrms.utility.Log.info(Log.java:8)
	at com.hrms.utility.Log.info(Log.java:8)
	at com.hrms.utility.Log.info(Log.java:8)
	at com.hrms.utility.Log.info(Log.java:8)
	at com.hrms.utility.Log.info(Log.java:8)
	at com.hrms.utility.Log.info(Log.java:8)
	at com.hrms.utility.Log.info(Log.java:8)
]]>
    </failure>
  </testcase> <!-- edit -->
</testsuite> <!-- com.hrms.asc.TC004_EditEmployee -->
