<?xml version="1.0" encoding="UTF-8"?>
<!-- Generated by org.testng.reporters.JUnitReportReporter -->
<testsuite hostname="LAPTOP-5COFNKBT" failures="0" tests="1" name="com.nt.scripts.AddEmployee" time="7.160" errors="0" timestamp="5 Aug 2024 13:28:26 GMT">
  <testcase classname="com.nt.scripts.AddEmployee" name="addEmp" time="7.160"/>
</testsuite> <!-- com.nt.scripts.AddEmployee -->
