<?xml version="1.0" encoding="UTF-8"?>
<!-- Generated by org.testng.reporters.JUnitReportReporter -->
<testsuite hostname="LAPTOP-5COFNKBT" failures="0" tests="1" name="com.nt.scripts.LoginFunction" time="2.026" errors="0" timestamp="6 Aug 2024 10:15:13 GMT">
  <testcase classname="com.nt.scripts.LoginFunction" name="loginFun" time="2.026"/>
</testsuite> <!-- com.nt.scripts.LoginFunction -->
