<?xml version="1.0" encoding="UTF-8"?>
<!-- Generated by org.testng.reporters.JUnitReportReporter -->
<testsuite hostname="LAPTOP-5COFNKBT" failures="0" tests="1" name="com.nt.scripts.SearchEmployee" time="2.893" errors="0" timestamp="5 Aug 2024 13:28:26 GMT">
  <testcase classname="com.nt.scripts.SearchEmployee" name="searchEmployee" time="2.893"/>
</testsuite> <!-- com.nt.scripts.SearchEmployee -->
